{"/home/travis/build/npmtest/node-npmtest-cradle/test.js":{"path":"/home/travis/build/npmtest/node-npmtest-cradle/test.js","s":{"1":2,"2":2,"3":2,"4":2,"5":2,"6":2,"7":2,"8":1,"9":2,"10":2,"11":1,"12":1,"13":1,"14":1,"15":2,"16":2,"17":2,"18":2,"19":1,"20":1,"21":2,"22":2,"23":2,"24":1,"25":1,"26":1,"27":1,"28":1,"29":1,"30":1,"31":1,"32":1,"33":1,"34":1,"35":1,"36":1,"37":1,"38":1,"39":2,"40":2,"41":1,"42":2,"43":2,"44":1,"45":2,"46":2,"47":1,"48":2,"49":2,"50":1,"51":1,"52":1,"53":1,"54":1},"b":{"1":[2,1,1,1],"2":[1,1,1,1],"3":[1,1],"4":[1,1],"5":[1,1],"6":[1,1],"7":[1,1],"8":[1,1],"9":[1,1],"10":[1,1,1],"11":[1,1],"12":[1,1],"13":[1,1],"14":[1,1],"15":[1,1],"16":[1,1],"17":[1,1]},"f":{"1":2,"2":2,"3":2,"4":2,"5":2,"6":1,"7":1,"8":1,"9":2,"10":2,"11":2,"12":2,"13":1},"fnMap":{"1":{"name":"(anonymous_1)","line":12,"loc":{"start":{"line":12,"column":1},"end":{"line":12,"column":13}}},"2":{"name":"(anonymous_2)","line":19,"loc":{"start":{"line":19,"column":5},"end":{"line":19,"column":17}}},"3":{"name":"(anonymous_3)","line":23,"loc":{"start":{"line":23,"column":24},"end":{"line":23,"column":36}}},"4":{"name":"(anonymous_4)","line":61,"loc":{"start":{"line":61,"column":5},"end":{"line":61,"column":17}}},"5":{"name":"(anonymous_5)","line":82,"loc":{"start":{"line":82,"column":5},"end":{"line":82,"column":17}}},"6":{"name":"(anonymous_6)","line":91,"loc":{"start":{"line":91,"column":77},"end":{"line":94,"column":10}}},"7":{"name":"(anonymous_7)","line":112,"loc":{"start":{"line":112,"column":83},"end":{"line":115,"column":10}},"skip":true},"8":{"name":"(anonymous_8)","line":123,"loc":{"start":{"line":123,"column":77},"end":{"line":126,"column":10}},"skip":true},"9":{"name":"(anonymous_9)","line":139,"loc":{"start":{"line":139,"column":12},"end":{"line":139,"column":40}},"skip":true},"10":{"name":"(anonymous_10)","line":147,"loc":{"start":{"line":147,"column":77},"end":{"line":150,"column":10}},"skip":true},"11":{"name":"(anonymous_11)","line":158,"loc":{"start":{"line":158,"column":83},"end":{"line":161,"column":10}},"skip":true},"12":{"name":"(anonymous_12)","line":169,"loc":{"start":{"line":169,"column":79},"end":{"line":172,"column":10}},"skip":true},"13":{"name":"(anonymous_13)","line":180,"loc":{"start":{"line":180,"column":75},"end":{"line":183,"column":10}},"skip":true}},"statementMap":{"1":{"start":{"line":12,"column":0},"end":{"line":195,"column":5}},"2":{"start":{"line":14,"column":4},"end":{"line":14,"column":14}},"3":{"start":{"line":19,"column":4},"end":{"line":56,"column":9}},"4":{"start":{"line":21,"column":8},"end":{"line":21,"column":19}},"5":{"start":{"line":23,"column":8},"end":{"line":35,"column":13}},"6":{"start":{"line":24,"column":12},"end":{"line":34,"column":13}},"7":{"start":{"line":25,"column":16},"end":{"line":28,"column":30}},"8":{"start":{"line":30,"column":16},"end":{"line":33,"column":27}},"9":{"start":{"line":37,"column":8},"end":{"line":39,"column":21}},"10":{"start":{"line":40,"column":8},"end":{"line":53,"column":9}},"11":{"start":{"line":43,"column":12},"end":{"line":46,"column":14}},"12":{"start":{"line":47,"column":12},"end":{"line":47,"column":18}},"13":{"start":{"line":50,"column":12},"end":{"line":51,"column":46}},"14":{"start":{"line":52,"column":12},"end":{"line":52,"column":18}},"15":{"start":{"line":55,"column":8},"end":{"line":55,"column":35}},"16":{"start":{"line":61,"column":4},"end":{"line":63,"column":9}},"17":{"start":{"line":62,"column":8},"end":{"line":62,"column":15}},"18":{"start":{"line":64,"column":4},"end":{"line":77,"column":5}},"19":{"start":{"line":70,"column":8},"end":{"line":70,"column":14}},"20":{"start":{"line":76,"column":8},"end":{"line":76,"column":14}},"21":{"start":{"line":82,"column":4},"end":{"line":84,"column":9}},"22":{"start":{"line":83,"column":8},"end":{"line":83,"column":15}},"23":{"start":{"line":85,"column":4},"end":{"line":194,"column":5}},"24":{"start":{"line":91,"column":8},"end":{"line":99,"column":10}},"25":{"start":{"line":98,"column":12},"end":{"line":98,"column":35}},"26":{"start":{"line":102,"column":8},"end":{"line":104,"column":63}},"27":{"start":{"line":105,"column":8},"end":{"line":105,"column":14}},"28":{"start":{"line":112,"column":8},"end":{"line":121,"column":10},"skip":true},"29":{"start":{"line":119,"column":12},"end":{"line":119,"column":55},"skip":true},"30":{"start":{"line":120,"column":12},"end":{"line":120,"column":48},"skip":true},"31":{"start":{"line":123,"column":8},"end":{"line":136,"column":10},"skip":true},"32":{"start":{"line":130,"column":12},"end":{"line":130,"column":76},"skip":true},"33":{"start":{"line":131,"column":12},"end":{"line":131,"column":73},"skip":true},"34":{"start":{"line":132,"column":12},"end":{"line":132,"column":74},"skip":true},"35":{"start":{"line":133,"column":12},"end":{"line":133,"column":79},"skip":true},"36":{"start":{"line":134,"column":12},"end":{"line":134,"column":25},"skip":true},"37":{"start":{"line":135,"column":12},"end":{"line":135,"column":45},"skip":true},"38":{"start":{"line":138,"column":8},"end":{"line":145,"column":14},"skip":true},"39":{"start":{"line":143,"column":16},"end":{"line":143,"column":29},"skip":true},"40":{"start":{"line":144,"column":16},"end":{"line":144,"column":55},"skip":true},"41":{"start":{"line":147,"column":8},"end":{"line":156,"column":10},"skip":true},"42":{"start":{"line":154,"column":12},"end":{"line":154,"column":25},"skip":true},"43":{"start":{"line":155,"column":12},"end":{"line":155,"column":45},"skip":true},"44":{"start":{"line":158,"column":8},"end":{"line":167,"column":10},"skip":true},"45":{"start":{"line":165,"column":12},"end":{"line":165,"column":25},"skip":true},"46":{"start":{"line":166,"column":12},"end":{"line":166,"column":48},"skip":true},"47":{"start":{"line":169,"column":8},"end":{"line":178,"column":10},"skip":true},"48":{"start":{"line":176,"column":12},"end":{"line":176,"column":25},"skip":true},"49":{"start":{"line":177,"column":12},"end":{"line":177,"column":46},"skip":true},"50":{"start":{"line":180,"column":8},"end":{"line":189,"column":10},"skip":true},"51":{"start":{"line":187,"column":12},"end":{"line":187,"column":94},"skip":true},"52":{"start":{"line":188,"column":12},"end":{"line":188,"column":48},"skip":true},"53":{"start":{"line":192,"column":8},"end":{"line":192,"column":35},"skip":true},"54":{"start":{"line":193,"column":8},"end":{"line":193,"column":14},"skip":true}},"branchMap":{"1":{"line":25,"type":"binary-expr","locations":[{"start":{"line":25,"column":23},"end":{"line":25,"column":62}},{"start":{"line":26,"column":20},"end":{"line":26,"column":70}},{"start":{"line":27,"column":20},"end":{"line":27,"column":71}},{"start":{"line":28,"column":20},"end":{"line":28,"column":29}}]},"2":{"line":30,"type":"binary-expr","locations":[{"start":{"line":30,"column":23},"end":{"line":30,"column":37}},{"start":{"line":31,"column":20},"end":{"line":31,"column":61}},{"start":{"line":32,"column":20},"end":{"line":32,"column":70}},{"start":{"line":33,"column":20},"end":{"line":33,"column":26}}]},"3":{"line":37,"type":"cond-expr","locations":[{"start":{"line":38,"column":14},"end":{"line":38,"column":20}},{"start":{"line":39,"column":14},"end":{"line":39,"column":20}}]},"4":{"line":40,"type":"switch","locations":[{"start":{"line":42,"column":8},"end":{"line":47,"column":18}},{"start":{"line":49,"column":8},"end":{"line":52,"column":18}}]},"5":{"line":44,"type":"binary-expr","locations":[{"start":{"line":44,"column":16},"end":{"line":44,"column":44}},{"start":{"line":44,"column":48},"end":{"line":44,"column":66}}]},"6":{"line":50,"type":"binary-expr","locations":[{"start":{"line":50,"column":21},"end":{"line":50,"column":49}},{"start":{"line":50,"column":53},"end":{"line":50,"column":72}}]},"7":{"line":64,"type":"switch","locations":[{"start":{"line":69,"column":4},"end":{"line":70,"column":14}},{"start":{"line":75,"column":4},"end":{"line":76,"column":14}}]},"8":{"line":85,"type":"switch","locations":[{"start":{"line":90,"column":4},"end":{"line":105,"column":14}},{"start":{"line":111,"column":4},"end":{"line":193,"column":14},"skip":true}]},"9":{"line":91,"type":"binary-expr","locations":[{"start":{"line":91,"column":42},"end":{"line":91,"column":73}},{"start":{"line":91,"column":77},"end":{"line":99,"column":9}}]},"10":{"line":102,"type":"binary-expr","locations":[{"start":{"line":102,"column":18},"end":{"line":102,"column":32}},{"start":{"line":103,"column":12},"end":{"line":103,"column":53}},{"start":{"line":104,"column":12},"end":{"line":104,"column":61}}]},"11":{"line":112,"type":"binary-expr","locations":[{"start":{"line":112,"column":45},"end":{"line":112,"column":79},"skip":true},{"start":{"line":112,"column":83},"end":{"line":121,"column":9},"skip":true}]},"12":{"line":123,"type":"binary-expr","locations":[{"start":{"line":123,"column":42},"end":{"line":123,"column":73},"skip":true},{"start":{"line":123,"column":77},"end":{"line":136,"column":9},"skip":true}]},"13":{"line":138,"type":"binary-expr","locations":[{"start":{"line":138,"column":48},"end":{"line":138,"column":85},"skip":true},{"start":{"line":139,"column":12},"end":{"line":145,"column":13},"skip":true}]},"14":{"line":147,"type":"binary-expr","locations":[{"start":{"line":147,"column":42},"end":{"line":147,"column":73},"skip":true},{"start":{"line":147,"column":77},"end":{"line":156,"column":9},"skip":true}]},"15":{"line":158,"type":"binary-expr","locations":[{"start":{"line":158,"column":45},"end":{"line":158,"column":79},"skip":true},{"start":{"line":158,"column":83},"end":{"line":167,"column":9},"skip":true}]},"16":{"line":169,"type":"binary-expr","locations":[{"start":{"line":169,"column":43},"end":{"line":169,"column":75},"skip":true},{"start":{"line":169,"column":79},"end":{"line":178,"column":9},"skip":true}]},"17":{"line":180,"type":"binary-expr","locations":[{"start":{"line":180,"column":41},"end":{"line":180,"column":71},"skip":true},{"start":{"line":180,"column":75},"end":{"line":189,"column":9},"skip":true}]}},"code":["/* istanbul instrument in package npmtest_cradle */","/*jslint","    bitwise: true,","    browser: true,","    maxerr: 8,","    maxlen: 96,","    node: true,","    nomen: true,","    regexp: true,","    stupid: true","*/","(function () {","    'use strict';","    var local;","","","","    // run shared js-env code - pre-init","    (function () {","        // init local","        local = {};","        // init modeJs","        local.modeJs = (function () {","            try {","                return typeof navigator.userAgent === 'string' &&","                    typeof document.querySelector('body') === 'object' &&","                    typeof XMLHttpRequest.prototype.open === 'function' &&","                    'browser';","            } catch (errorCaughtBrowser) {","                return module.exports &&","                    typeof process.versions.node === 'string' &&","                    typeof require('http').createServer === 'function' &&","                    'node';","            }","        }());","        // init global","        local.global = local.modeJs === 'browser'","            ? window","            : global;","        switch (local.modeJs) {","        // re-init local from window.local","        case 'browser':","            local = local.global.utility2.objectSetDefault(","                local.global.utility2_rollup || local.global.local,","                local.global.utility2","            );","            break;","        // re-init local from example.js","        case 'node':","            local = (local.global.utility2_rollup || require('utility2'))","                .requireExampleJsFromReadme();","            break;","        }","        // export local","        local.global.local = local;","    }());","","","","    // run shared js-env code - function","    (function () {","        return;","    }());","    switch (local.modeJs) {","","","","    // run browser js-env code - function","    case 'browser':","        break;","","","","    // run node js-env code - function","    case 'node':","        break;","    }","","","","    // run shared js-env code - post-init","    (function () {","        return;","    }());","    switch (local.modeJs) {","","","","    // run browser js-env code - post-init","    case 'browser':","        local.testCase_browser_nullCase = local.testCase_browser_nullCase || function (","            options,","            onError","        ) {","        /*","         * this function will test browsers's null-case handling-behavior-behavior","         */","            onError(null, options);","        };","","        // run tests","        local.nop(local.modeTest &&","            document.querySelector('#testRunButton1') &&","            document.querySelector('#testRunButton1').click());","        break;","","","","    // run node js-env code - post-init","    /* istanbul ignore next */","    case 'node':","        local.testCase_buildApidoc_default = local.testCase_buildApidoc_default || function (","            options,","            onError","        ) {","        /*","         * this function will test buildApidoc's default handling-behavior-behavior","         */","            options = { modulePathList: module.paths };","            local.buildApidoc(options, onError);","        };","","        local.testCase_buildApp_default = local.testCase_buildApp_default || function (","            options,","            onError","        ) {","        /*","         * this function will test buildApp's default handling-behavior-behavior","         */","            local.testCase_buildReadme_default(options, local.onErrorThrow);","            local.testCase_buildLib_default(options, local.onErrorThrow);","            local.testCase_buildTest_default(options, local.onErrorThrow);","            local.testCase_buildCustomOrg_default(options, local.onErrorThrow);","            options = [];","            local.buildApp(options, onError);","        };","","        local.testCase_buildCustomOrg_default = local.testCase_buildCustomOrg_default ||","            function (options, onError) {","            /*","             * this function will test buildCustomOrg's default handling-behavior","             */","                options = {};","                local.buildCustomOrg(options, onError);","            };","","        local.testCase_buildLib_default = local.testCase_buildLib_default || function (","            options,","            onError","        ) {","        /*","         * this function will test buildLib's default handling-behavior","         */","            options = {};","            local.buildLib(options, onError);","        };","","        local.testCase_buildReadme_default = local.testCase_buildReadme_default || function (","            options,","            onError","        ) {","        /*","         * this function will test buildReadme's default handling-behavior-behavior","         */","            options = {};","            local.buildReadme(options, onError);","        };","","        local.testCase_buildTest_default = local.testCase_buildTest_default || function (","            options,","            onError","        ) {","        /*","         * this function will test buildTest's default handling-behavior","         */","            options = {};","            local.buildTest(options, onError);","        };","","        local.testCase_webpage_default = local.testCase_webpage_default || function (","            options,","            onError","        ) {","        /*","         * this function will test webpage's default handling-behavior","         */","            options = { modeCoverageMerge: true, url: local.serverLocalHost + '?modeTest=1' };","            local.browserTest(options, onError);","        };","","        // run test-server","        local.testRunServer(local);","        break;","    }","}());",""],"l":{"12":2,"14":2,"19":2,"21":2,"23":2,"24":2,"25":2,"30":1,"37":2,"40":2,"43":1,"47":1,"50":1,"52":1,"55":2,"61":2,"62":2,"64":2,"70":1,"76":1,"82":2,"83":2,"85":2,"91":1,"98":1,"102":1,"105":1,"112":1,"119":1,"120":1,"123":1,"130":1,"131":1,"132":1,"133":1,"134":1,"135":1,"138":1,"143":2,"144":2,"147":1,"154":2,"155":2,"158":1,"165":2,"166":2,"169":1,"176":2,"177":2,"180":1,"187":1,"188":1,"192":1,"193":1}},"/home/travis/build/npmtest/node-npmtest-cradle/lib.npmtest_cradle.js":{"path":"/home/travis/build/npmtest/node-npmtest-cradle/lib.npmtest_cradle.js","s":{"1":2,"2":2,"3":2,"4":2,"5":2,"6":2,"7":2,"8":1,"9":2,"10":2,"11":2,"12":2,"13":1,"14":1,"15":1,"16":1},"b":{"1":[2,1,1,1],"2":[1,1,1,1],"3":[1,1],"4":[2,2],"5":[1,1]},"f":{"1":2,"2":2,"3":2},"fnMap":{"1":{"name":"(anonymous_1)","line":12,"loc":{"start":{"line":12,"column":1},"end":{"line":12,"column":13}}},"2":{"name":"(anonymous_2)","line":19,"loc":{"start":{"line":19,"column":5},"end":{"line":19,"column":17}}},"3":{"name":"(anonymous_3)","line":23,"loc":{"start":{"line":23,"column":24},"end":{"line":23,"column":36}}}},"statementMap":{"1":{"start":{"line":12,"column":0},"end":{"line":53,"column":5}},"2":{"start":{"line":14,"column":4},"end":{"line":14,"column":14}},"3":{"start":{"line":19,"column":4},"end":{"line":52,"column":9}},"4":{"start":{"line":21,"column":8},"end":{"line":21,"column":19}},"5":{"start":{"line":23,"column":8},"end":{"line":35,"column":13}},"6":{"start":{"line":24,"column":12},"end":{"line":34,"column":13}},"7":{"start":{"line":25,"column":16},"end":{"line":28,"column":30}},"8":{"start":{"line":30,"column":16},"end":{"line":33,"column":27}},"9":{"start":{"line":37,"column":8},"end":{"line":39,"column":21}},"10":{"start":{"line":41,"column":8},"end":{"line":41,"column":54}},"11":{"start":{"line":43,"column":8},"end":{"line":43,"column":51}},"12":{"start":{"line":45,"column":8},"end":{"line":51,"column":9}},"13":{"start":{"line":46,"column":12},"end":{"line":46,"column":57}},"14":{"start":{"line":48,"column":12},"end":{"line":48,"column":35}},"15":{"start":{"line":49,"column":12},"end":{"line":49,"column":49}},"16":{"start":{"line":50,"column":12},"end":{"line":50,"column":43}}},"branchMap":{"1":{"line":25,"type":"binary-expr","locations":[{"start":{"line":25,"column":23},"end":{"line":25,"column":62}},{"start":{"line":26,"column":20},"end":{"line":26,"column":70}},{"start":{"line":27,"column":20},"end":{"line":27,"column":71}},{"start":{"line":28,"column":20},"end":{"line":28,"column":29}}]},"2":{"line":30,"type":"binary-expr","locations":[{"start":{"line":30,"column":23},"end":{"line":30,"column":37}},{"start":{"line":31,"column":20},"end":{"line":31,"column":61}},{"start":{"line":32,"column":20},"end":{"line":32,"column":70}},{"start":{"line":33,"column":20},"end":{"line":33,"column":26}}]},"3":{"line":37,"type":"cond-expr","locations":[{"start":{"line":38,"column":14},"end":{"line":38,"column":20}},{"start":{"line":39,"column":14},"end":{"line":39,"column":20}}]},"4":{"line":41,"type":"binary-expr","locations":[{"start":{"line":41,"column":16},"end":{"line":41,"column":44}},{"start":{"line":41,"column":48},"end":{"line":41,"column":53}}]},"5":{"line":45,"type":"if","locations":[{"start":{"line":45,"column":8},"end":{"line":45,"column":8}},{"start":{"line":45,"column":8},"end":{"line":45,"column":8}}]}},"code":["/* istanbul instrument in package npmtest_cradle */","/*jslint","    bitwise: true,","    browser: true,","    maxerr: 8,","    maxlen: 96,","    node: true,","    nomen: true,","    regexp: true,","    stupid: true","*/","(function () {","    'use strict';","    var local;","","","","    // run shared js-env code - pre-init","    (function () {","        // init local","        local = {};","        // init modeJs","        local.modeJs = (function () {","            try {","                return typeof navigator.userAgent === 'string' &&","                    typeof document.querySelector('body') === 'object' &&","                    typeof XMLHttpRequest.prototype.open === 'function' &&","                    'browser';","            } catch (errorCaughtBrowser) {","                return module.exports &&","                    typeof process.versions.node === 'string' &&","                    typeof require('http').createServer === 'function' &&","                    'node';","            }","        }());","        // init global","        local.global = local.modeJs === 'browser'","            ? window","            : global;","        // init utility2_rollup","        local = local.global.utility2_rollup || local;","        // init lib","        local.local = local.npmtest_cradle = local;","        // init exports","        if (local.modeJs === 'browser') {","            local.global.utility2_npmtest_cradle = local;","        } else {","            module.exports = local;","            module.exports.__dirname = __dirname;","            module.exports.module = module;","        }","    }());","}());",""],"l":{"12":2,"14":2,"19":2,"21":2,"23":2,"24":2,"25":2,"30":1,"37":2,"41":2,"43":2,"45":2,"46":1,"48":1,"49":1,"50":1}},"/home/travis/build/npmtest/node-npmtest-cradle/example.js":{"path":"/home/travis/build/npmtest/node-npmtest-cradle/example.js","s":{"1":2,"2":2,"3":2,"4":2,"5":2,"6":2,"7":2,"8":1,"9":2,"10":2,"11":2,"12":2,"13":1,"14":2,"15":2,"16":2,"17":2,"18":2,"19":0,"20":2,"21":1,"22":1,"23":1,"24":1,"25":1,"26":0,"27":0,"28":1,"29":1,"30":2,"31":0,"32":0,"33":0,"34":1,"35":2,"36":2,"37":3,"38":3,"39":3,"40":3,"41":0,"42":3,"43":3,"44":3,"45":1,"46":3,"47":1,"48":1,"49":1,"50":1,"51":1,"52":1,"53":1,"54":1,"55":1,"56":1,"57":0,"58":1,"59":6,"60":6,"61":1,"62":2,"63":0,"64":2,"65":1,"66":1,"67":0,"68":0,"69":0,"70":0,"71":0,"72":0,"73":0,"74":0,"75":0,"76":0,"77":0,"78":0,"79":0,"80":0,"81":0,"82":0,"83":0},"b":{"1":[2,1,1,1],"2":[1,1,1,1],"3":[1,1],"4":[2,2],"5":[1,1],"6":[1,1],"7":[2,0],"8":[2,1,1,1,1,1],"9":[0,2,0],"10":[1,1],"11":[2,1,1],"12":[1,0],"13":[0,2],"14":[2,0,0,0,0,0,0],"15":[0,3],"16":[3,0],"17":[1,1],"18":[0,1],"19":[1,2,0,2],"20":[1,0],"21":[1,1],"22":[0,0],"23":[0,0],"24":[0,0],"25":[0,0],"26":[0,0],"27":[0,0],"28":[0,0]},"f":{"1":2,"2":2,"3":2,"4":2,"5":2,"6":2,"7":3,"8":3,"9":3,"10":1,"11":6,"12":0},"fnMap":{"1":{"name":"(anonymous_1)","line":26,"loc":{"start":{"line":26,"column":1},"end":{"line":26,"column":13}}},"2":{"name":"(anonymous_2)","line":33,"loc":{"start":{"line":33,"column":5},"end":{"line":33,"column":17}}},"3":{"name":"(anonymous_3)","line":37,"loc":{"start":{"line":37,"column":24},"end":{"line":37,"column":36}}},"4":{"name":"(anonymous_4)","line":69,"loc":{"start":{"line":69,"column":31},"end":{"line":69,"column":48}},"skip":true},"5":{"name":"(anonymous_5)","line":78,"loc":{"start":{"line":78,"column":26},"end":{"line":78,"column":45}},"skip":true},"6":{"name":"(anonymous_6)","line":123,"loc":{"start":{"line":123,"column":33},"end":{"line":123,"column":48}},"skip":true},"7":{"name":"(anonymous_7)","line":125,"loc":{"start":{"line":125,"column":27},"end":{"line":125,"column":39}},"skip":true},"8":{"name":"(anonymous_8)","line":133,"loc":{"start":{"line":133,"column":59},"end":{"line":133,"column":74}},"skip":true},"9":{"name":"(anonymous_9)","line":143,"loc":{"start":{"line":143,"column":45},"end":{"line":143,"column":62}},"skip":true},"10":{"name":"(anonymous_10)","line":144,"loc":{"start":{"line":144,"column":73},"end":{"line":144,"column":92}},"skip":true},"11":{"name":"(anonymous_11)","line":272,"loc":{"start":{"line":272,"column":51},"end":{"line":272,"column":77}},"skip":true},"12":{"name":"(anonymous_12)","line":315,"loc":{"start":{"line":315,"column":32},"end":{"line":315,"column":61}},"skip":true}},"statementMap":{"1":{"start":{"line":26,"column":0},"end":{"line":326,"column":5}},"2":{"start":{"line":28,"column":4},"end":{"line":28,"column":14}},"3":{"start":{"line":33,"column":4},"end":{"line":60,"column":9}},"4":{"start":{"line":35,"column":8},"end":{"line":35,"column":19}},"5":{"start":{"line":37,"column":8},"end":{"line":49,"column":13}},"6":{"start":{"line":38,"column":12},"end":{"line":48,"column":13}},"7":{"start":{"line":39,"column":16},"end":{"line":42,"column":30}},"8":{"start":{"line":44,"column":16},"end":{"line":47,"column":27}},"9":{"start":{"line":51,"column":8},"end":{"line":53,"column":21}},"10":{"start":{"line":55,"column":8},"end":{"line":57,"column":45}},"11":{"start":{"line":59,"column":8},"end":{"line":59,"column":35}},"12":{"start":{"line":61,"column":4},"end":{"line":325,"column":5}},"13":{"start":{"line":69,"column":8},"end":{"line":121,"column":10},"skip":true},"14":{"start":{"line":70,"column":12},"end":{"line":88,"column":13},"skip":true},"15":{"start":{"line":76,"column":16},"end":{"line":87,"column":19},"skip":true},"16":{"start":{"line":79,"column":20},"end":{"line":86,"column":21},"skip":true},"17":{"start":{"line":82,"column":24},"end":{"line":82,"column":43},"skip":true},"18":{"start":{"line":83,"column":24},"end":{"line":83,"column":30},"skip":true},"19":{"start":{"line":85,"column":24},"end":{"line":85,"column":49},"skip":true},"20":{"start":{"line":89,"column":12},"end":{"line":107,"column":13},"skip":true},"21":{"start":{"line":92,"column":16},"end":{"line":102,"column":17},"skip":true},"22":{"start":{"line":93,"column":20},"end":{"line":93,"column":86},"skip":true},"23":{"start":{"line":94,"column":20},"end":{"line":95,"column":45},"skip":true},"24":{"start":{"line":96,"column":20},"end":{"line":96,"column":42},"skip":true},"25":{"start":{"line":97,"column":20},"end":{"line":97,"column":48},"skip":true},"26":{"start":{"line":100,"column":20},"end":{"line":100,"column":85},"skip":true},"27":{"start":{"line":101,"column":20},"end":{"line":101,"column":96},"skip":true},"28":{"start":{"line":103,"column":16},"end":{"line":103,"column":22},"skip":true},"29":{"start":{"line":106,"column":16},"end":{"line":106,"column":22},"skip":true},"30":{"start":{"line":108,"column":12},"end":{"line":120,"column":13},"skip":true},"31":{"start":{"line":114,"column":16},"end":{"line":119,"column":17},"skip":true},"32":{"start":{"line":116,"column":20},"end":{"line":116,"column":78},"skip":true},"33":{"start":{"line":118,"column":20},"end":{"line":118,"column":47},"skip":true},"34":{"start":{"line":123,"column":8},"end":{"line":141,"column":11},"skip":true},"35":{"start":{"line":124,"column":12},"end":{"line":124,"column":54},"skip":true},"36":{"start":{"line":125,"column":12},"end":{"line":140,"column":14},"skip":true},"37":{"start":{"line":126,"column":16},"end":{"line":126,"column":28},"skip":true},"38":{"start":{"line":127,"column":16},"end":{"line":127,"column":69},"skip":true},"39":{"start":{"line":128,"column":16},"end":{"line":128,"column":75},"skip":true},"40":{"start":{"line":129,"column":16},"end":{"line":131,"column":17},"skip":true},"41":{"start":{"line":130,"column":20},"end":{"line":130,"column":27},"skip":true},"42":{"start":{"line":133,"column":16},"end":{"line":137,"column":36},"skip":true},"43":{"start":{"line":134,"column":20},"end":{"line":136,"column":55},"skip":true},"44":{"start":{"line":139,"column":16},"end":{"line":139,"column":57},"skip":true},"45":{"start":{"line":143,"column":8},"end":{"line":147,"column":11},"skip":true},"46":{"start":{"line":144,"column":12},"end":{"line":146,"column":15},"skip":true},"47":{"start":{"line":145,"column":16},"end":{"line":145,"column":70},"skip":true},"48":{"start":{"line":149,"column":8},"end":{"line":149,"column":31},"skip":true},"49":{"start":{"line":150,"column":8},"end":{"line":150,"column":14},"skip":true},"50":{"start":{"line":158,"column":8},"end":{"line":158,"column":31},"skip":true},"51":{"start":{"line":160,"column":8},"end":{"line":160,"column":33},"skip":true},"52":{"start":{"line":161,"column":8},"end":{"line":161,"column":37},"skip":true},"53":{"start":{"line":162,"column":8},"end":{"line":162,"column":35},"skip":true},"54":{"start":{"line":164,"column":8},"end":{"line":164,"column":50},"skip":true},"55":{"start":{"line":166,"column":8},"end":{"line":256,"column":2},"skip":true},"56":{"start":{"line":258,"column":8},"end":{"line":286,"column":9},"skip":true},"57":{"start":{"line":259,"column":12},"end":{"line":269,"column":14},"skip":true},"58":{"start":{"line":271,"column":12},"end":{"line":285,"column":19},"skip":true},"59":{"start":{"line":274,"column":20},"end":{"line":274,"column":35},"skip":true},"60":{"start":{"line":275,"column":20},"end":{"line":284,"column":21},"skip":true},"61":{"start":{"line":277,"column":24},"end":{"line":277,"column":64},"skip":true},"62":{"start":{"line":279,"column":24},"end":{"line":279,"column":40},"skip":true},"63":{"start":{"line":281,"column":24},"end":{"line":281,"column":40},"skip":true},"64":{"start":{"line":283,"column":24},"end":{"line":283,"column":39},"skip":true},"65":{"start":{"line":288,"column":8},"end":{"line":290,"column":9},"skip":true},"66":{"start":{"line":289,"column":12},"end":{"line":289,"column":18},"skip":true},"67":{"start":{"line":291,"column":8},"end":{"line":293,"column":54},"skip":true},"68":{"start":{"line":296,"column":8},"end":{"line":301,"column":37},"skip":true},"69":{"start":{"line":303,"column":8},"end":{"line":303,"column":82},"skip":true},"70":{"start":{"line":306,"column":8},"end":{"line":308,"column":9},"skip":true},"71":{"start":{"line":307,"column":12},"end":{"line":307,"column":82},"skip":true},"72":{"start":{"line":310,"column":8},"end":{"line":312,"column":9},"skip":true},"73":{"start":{"line":311,"column":12},"end":{"line":311,"column":18},"skip":true},"74":{"start":{"line":313,"column":8},"end":{"line":313,"column":54},"skip":true},"75":{"start":{"line":314,"column":8},"end":{"line":314,"column":69},"skip":true},"76":{"start":{"line":315,"column":8},"end":{"line":323,"column":36},"skip":true},"77":{"start":{"line":316,"column":12},"end":{"line":316,"column":61},"skip":true},"78":{"start":{"line":317,"column":12},"end":{"line":320,"column":13},"skip":true},"79":{"start":{"line":318,"column":16},"end":{"line":318,"column":75},"skip":true},"80":{"start":{"line":319,"column":16},"end":{"line":319,"column":23},"skip":true},"81":{"start":{"line":321,"column":12},"end":{"line":321,"column":38},"skip":true},"82":{"start":{"line":322,"column":12},"end":{"line":322,"column":27},"skip":true},"83":{"start":{"line":324,"column":8},"end":{"line":324,"column":14},"skip":true}},"branchMap":{"1":{"line":39,"type":"binary-expr","locations":[{"start":{"line":39,"column":23},"end":{"line":39,"column":62}},{"start":{"line":40,"column":20},"end":{"line":40,"column":70}},{"start":{"line":41,"column":20},"end":{"line":41,"column":71}},{"start":{"line":42,"column":20},"end":{"line":42,"column":29}}]},"2":{"line":44,"type":"binary-expr","locations":[{"start":{"line":44,"column":23},"end":{"line":44,"column":37}},{"start":{"line":45,"column":20},"end":{"line":45,"column":61}},{"start":{"line":46,"column":20},"end":{"line":46,"column":70}},{"start":{"line":47,"column":20},"end":{"line":47,"column":26}}]},"3":{"line":51,"type":"cond-expr","locations":[{"start":{"line":52,"column":14},"end":{"line":52,"column":20}},{"start":{"line":53,"column":14},"end":{"line":53,"column":20}}]},"4":{"line":55,"type":"binary-expr","locations":[{"start":{"line":55,"column":16},"end":{"line":55,"column":44}},{"start":{"line":55,"column":49},"end":{"line":57,"column":43}}]},"5":{"line":55,"type":"cond-expr","locations":[{"start":{"line":56,"column":14},"end":{"line":56,"column":50}},{"start":{"line":57,"column":14},"end":{"line":57,"column":43}}]},"6":{"line":61,"type":"switch","locations":[{"start":{"line":68,"column":4},"end":{"line":150,"column":14},"skip":true},{"start":{"line":156,"column":4},"end":{"line":324,"column":14},"skip":true}]},"7":{"line":70,"type":"if","locations":[{"start":{"line":70,"column":12},"end":{"line":70,"column":12},"skip":true},{"start":{"line":70,"column":12},"end":{"line":70,"column":12},"skip":true}]},"8":{"line":70,"type":"binary-expr","locations":[{"start":{"line":70,"column":16},"end":{"line":70,"column":22},"skip":true},{"start":{"line":70,"column":27},"end":{"line":70,"column":32},"skip":true},{"start":{"line":71,"column":20},"end":{"line":71,"column":39},"skip":true},{"start":{"line":72,"column":20},"end":{"line":72,"column":49},"skip":true},{"start":{"line":73,"column":20},"end":{"line":73,"column":58},"skip":true},{"start":{"line":74,"column":20},"end":{"line":74,"column":69},"skip":true}]},"9":{"line":79,"type":"switch","locations":[{"start":{"line":80,"column":20},"end":{"line":80,"column":33},"skip":true},{"start":{"line":81,"column":20},"end":{"line":83,"column":30},"skip":true},{"start":{"line":84,"column":20},"end":{"line":85,"column":49},"skip":true}]},"10":{"line":89,"type":"switch","locations":[{"start":{"line":90,"column":12},"end":{"line":103,"column":22},"skip":true},{"start":{"line":105,"column":12},"end":{"line":106,"column":22},"skip":true}]},"11":{"line":89,"type":"binary-expr","locations":[{"start":{"line":89,"column":20},"end":{"line":89,"column":25},"skip":true},{"start":{"line":89,"column":29},"end":{"line":89,"column":48},"skip":true},{"start":{"line":89,"column":52},"end":{"line":89,"column":74},"skip":true}]},"12":{"line":92,"type":"if","locations":[{"start":{"line":92,"column":16},"end":{"line":92,"column":16},"skip":true},{"start":{"line":92,"column":16},"end":{"line":92,"column":16},"skip":true}]},"13":{"line":108,"type":"if","locations":[{"start":{"line":108,"column":12},"end":{"line":108,"column":12},"skip":true},{"start":{"line":108,"column":12},"end":{"line":108,"column":12},"skip":true}]},"14":{"line":108,"type":"binary-expr","locations":[{"start":{"line":108,"column":16},"end":{"line":108,"column":61},"skip":true},{"start":{"line":108,"column":66},"end":{"line":108,"column":72},"skip":true},{"start":{"line":108,"column":77},"end":{"line":108,"column":82},"skip":true},{"start":{"line":109,"column":20},"end":{"line":109,"column":39},"skip":true},{"start":{"line":110,"column":20},"end":{"line":110,"column":49},"skip":true},{"start":{"line":111,"column":20},"end":{"line":111,"column":58},"skip":true},{"start":{"line":112,"column":20},"end":{"line":112,"column":68},"skip":true}]},"15":{"line":129,"type":"if","locations":[{"start":{"line":129,"column":16},"end":{"line":129,"column":16},"skip":true},{"start":{"line":129,"column":16},"end":{"line":129,"column":16},"skip":true}]},"16":{"line":134,"type":"cond-expr","locations":[{"start":{"line":135,"column":26},"end":{"line":135,"column":29},"skip":true},{"start":{"line":136,"column":26},"end":{"line":136,"column":54},"skip":true}]},"17":{"line":164,"type":"binary-expr","locations":[{"start":{"line":164,"column":27},"end":{"line":164,"column":43},"skip":true},{"start":{"line":164,"column":47},"end":{"line":164,"column":49},"skip":true}]},"18":{"line":258,"type":"if","locations":[{"start":{"line":258,"column":8},"end":{"line":258,"column":8},"skip":true},{"start":{"line":258,"column":8},"end":{"line":258,"column":8},"skip":true}]},"19":{"line":275,"type":"switch","locations":[{"start":{"line":276,"column":20},"end":{"line":277,"column":64},"skip":true},{"start":{"line":278,"column":20},"end":{"line":279,"column":40},"skip":true},{"start":{"line":280,"column":20},"end":{"line":281,"column":40},"skip":true},{"start":{"line":282,"column":20},"end":{"line":283,"column":39},"skip":true}]},"20":{"line":288,"type":"if","locations":[{"start":{"line":288,"column":8},"end":{"line":288,"column":8},"skip":true},{"start":{"line":288,"column":8},"end":{"line":288,"column":8},"skip":true}]},"21":{"line":288,"type":"binary-expr","locations":[{"start":{"line":288,"column":12},"end":{"line":288,"column":40},"skip":true},{"start":{"line":288,"column":44},"end":{"line":288,"column":67},"skip":true}]},"22":{"line":292,"type":"binary-expr","locations":[{"start":{"line":292,"column":12},"end":{"line":292,"column":50},"skip":true},{"start":{"line":293,"column":12},"end":{"line":293,"column":53},"skip":true}]},"23":{"line":297,"type":"binary-expr","locations":[{"start":{"line":297,"column":12},"end":{"line":297,"column":64},"skip":true},{"start":{"line":298,"column":12},"end":{"line":301,"column":36},"skip":true}]},"24":{"line":303,"type":"binary-expr","locations":[{"start":{"line":303,"column":43},"end":{"line":303,"column":75},"skip":true},{"start":{"line":303,"column":79},"end":{"line":303,"column":81},"skip":true}]},"25":{"line":306,"type":"if","locations":[{"start":{"line":306,"column":8},"end":{"line":306,"column":8},"skip":true},{"start":{"line":306,"column":8},"end":{"line":306,"column":8},"skip":true}]},"26":{"line":310,"type":"if","locations":[{"start":{"line":310,"column":8},"end":{"line":310,"column":8},"skip":true},{"start":{"line":310,"column":8},"end":{"line":310,"column":8},"skip":true}]},"27":{"line":313,"type":"binary-expr","locations":[{"start":{"line":313,"column":27},"end":{"line":313,"column":43},"skip":true},{"start":{"line":313,"column":47},"end":{"line":313,"column":53},"skip":true}]},"28":{"line":317,"type":"if","locations":[{"start":{"line":317,"column":12},"end":{"line":317,"column":12},"skip":true},{"start":{"line":317,"column":12},"end":{"line":317,"column":12},"skip":true}]}},"code":["/*","example.js","","quickstart example","","instruction","    1. save this script as example.js","    2. run the shell command:","        $ npm install npmtest-cradle && PORT=8081 node example.js","    3. play with the browser-demo on http://127.0.0.1:8081","*/","","","","/* istanbul instrument in package npmtest_cradle */","/*jslint","    bitwise: true,","    browser: true,","    maxerr: 8,","    maxlen: 96,","    node: true,","    nomen: true,","    regexp: true,","    stupid: true","*/","(function () {","    'use strict';","    var local;","","","","    // run shared js-env code - pre-init","    (function () {","        // init local","        local = {};","        // init modeJs","        local.modeJs = (function () {","            try {","                return typeof navigator.userAgent === 'string' &&","                    typeof document.querySelector('body') === 'object' &&","                    typeof XMLHttpRequest.prototype.open === 'function' &&","                    'browser';","            } catch (errorCaughtBrowser) {","                return module.exports &&","                    typeof process.versions.node === 'string' &&","                    typeof require('http').createServer === 'function' &&","                    'node';","            }","        }());","        // init global","        local.global = local.modeJs === 'browser'","            ? window","            : global;","        // init utility2_rollup","        local = local.global.utility2_rollup || (local.modeJs === 'browser'","            ? local.global.utility2_npmtest_cradle","            : global.utility2_moduleExports);","        // export local","        local.global.local = local;","    }());","    switch (local.modeJs) {","","","","    // post-init","    // run browser js-env code - post-init","    /* istanbul ignore next */","    case 'browser':","        local.testRunBrowser = function (event) {","            if (!event || (event &&","                    event.currentTarget &&","                    event.currentTarget.className &&","                    event.currentTarget.className.includes &&","                    event.currentTarget.className.includes('onreset'))) {","                // reset output","                Array.from(","                    document.querySelectorAll('body > .resettable')","                ).forEach(function (element) {","                    switch (element.tagName) {","                    case 'INPUT':","                    case 'TEXTAREA':","                        element.value = '';","                        break;","                    default:","                        element.textContent = '';","                    }","                });","            }","            switch (event && event.currentTarget && event.currentTarget.id) {","            case 'testRunButton1':","                // show tests","                if (document.querySelector('#testReportDiv1').style.display === 'none') {","                    document.querySelector('#testReportDiv1').style.display = 'block';","                    document.querySelector('#testRunButton1').textContent =","                        'hide internal test';","                    local.modeTest = true;","                    local.testRunDefault(local);","                // hide tests","                } else {","                    document.querySelector('#testReportDiv1').style.display = 'none';","                    document.querySelector('#testRunButton1').textContent = 'run internal test';","                }","                break;","            // custom-case","            default:","                break;","            }","            if (document.querySelector('#inputTextareaEval1') && (!event || (event &&","                    event.currentTarget &&","                    event.currentTarget.className &&","                    event.currentTarget.className.includes &&","                    event.currentTarget.className.includes('oneval')))) {","                // try to eval input-code","                try {","                    /*jslint evil: true*/","                    eval(document.querySelector('#inputTextareaEval1').value);","                } catch (errorCaught) {","                    console.error(errorCaught);","                }","            }","        };","        // log stderr and stdout to #outputTextareaStdout1","        ['error', 'log'].forEach(function (key) {","            console[key + '_original'] = console[key];","            console[key] = function () {","                var element;","                console[key + '_original'].apply(console, arguments);","                element = document.querySelector('#outputTextareaStdout1');","                if (!element) {","                    return;","                }","                // append text to #outputTextareaStdout1","                element.value += Array.from(arguments).map(function (arg) {","                    return typeof arg === 'string'","                        ? arg","                        : JSON.stringify(arg, null, 4);","                }).join(' ') + '\\n';","                // scroll textarea to bottom","                element.scrollTop = element.scrollHeight;","            };","        });","        // init event-handling","        ['change', 'click', 'keyup'].forEach(function (event) {","            Array.from(document.querySelectorAll('.on' + event)).forEach(function (element) {","                element.addEventListener(event, local.testRunBrowser);","            });","        });","        // run tests","        local.testRunBrowser();","        break;","","","","    // run node js-env code - post-init","    /* istanbul ignore next */","    case 'node':","        // export local","        module.exports = local;","        // require modules","        local.fs = require('fs');","        local.http = require('http');","        local.url = require('url');","        // init assets","        local.assetsDict = local.assetsDict || {};","        /* jslint-ignore-begin */","        local.assetsDict['/assets.index.template.html'] = '\\","<!doctype html>\\n\\","<html lang=\"en\">\\n\\","<head>\\n\\","<meta charset=\"UTF-8\">\\n\\","<meta name=\"viewport\" content=\"width=device-width, initial-scale=1\">\\n\\","<title>{{env.npm_package_name}} (v{{env.npm_package_version}})</title>\\n\\","<style>\\n\\","/*csslint\\n\\","    box-sizing: false,\\n\\","    universal-selector: false\\n\\","*/\\n\\","* {\\n\\","    box-sizing: border-box;\\n\\","}\\n\\","body {\\n\\","    background: #dde;\\n\\","    font-family: Arial, Helvetica, sans-serif;\\n\\","    margin: 2rem;\\n\\","}\\n\\","body > * {\\n\\","    margin-bottom: 1rem;\\n\\","}\\n\\",".utility2FooterDiv {\\n\\","    margin-top: 20px;\\n\\","    text-align: center;\\n\\","}\\n\\","</style>\\n\\","<style>\\n\\","/*csslint\\n\\","*/\\n\\","textarea {\\n\\","    font-family: monospace;\\n\\","    height: 10rem;\\n\\","    width: 100%;\\n\\","}\\n\\","textarea[readonly] {\\n\\","    background: #ddd;\\n\\","}\\n\\","</style>\\n\\","</head>\\n\\","<body>\\n\\","<!-- utility2-comment\\n\\","<div id=\"ajaxProgressDiv1\" style=\"background: #d00; height: 2px; left: 0; margin: 0; padding: 0; position: fixed; top: 0; transition: background 0.5s, width 1.5s; width: 25%;\"></div>\\n\\","utility2-comment -->\\n\\","<h1>\\n\\","<!-- utility2-comment\\n\\","    <a\\n\\","        {{#if env.npm_package_homepage}}\\n\\","        href=\"{{env.npm_package_homepage}}\"\\n\\","        {{/if env.npm_package_homepage}}\\n\\","        target=\"_blank\"\\n\\","    >\\n\\","utility2-comment -->\\n\\","        {{env.npm_package_name}} (v{{env.npm_package_version}})\\n\\","<!-- utility2-comment\\n\\","    </a>\\n\\","utility2-comment -->\\n\\","</h1>\\n\\","<h3>{{env.npm_package_description}}</h3>\\n\\","<!-- utility2-comment\\n\\","<h4><a download href=\"assets.app.js\">download standalone app</a></h4>\\n\\","<button class=\"onclick onreset\" id=\"testRunButton1\">run internal test</button><br>\\n\\","<div id=\"testReportDiv1\" style=\"display: none;\"></div>\\n\\","utility2-comment -->\\n\\","\\n\\","\\n\\","\\n\\","<label>stderr and stdout</label>\\n\\","<textarea class=\"resettable\" id=\"outputTextareaStdout1\" readonly></textarea>\\n\\","<!-- utility2-comment\\n\\","{{#if isRollup}}\\n\\","<script src=\"assets.app.js\"></script>\\n\\","{{#unless isRollup}}\\n\\","utility2-comment -->\\n\\","<script src=\"assets.utility2.rollup.js\"></script>\\n\\","<script src=\"jsonp.utility2._stateInit?callback=window.utility2._stateInit\"></script>\\n\\","<script src=\"assets.npmtest_cradle.rollup.js\"></script>\\n\\","<script src=\"assets.example.js\"></script>\\n\\","<script src=\"assets.test.js\"></script>\\n\\","<!-- utility2-comment\\n\\","{{/if isRollup}}\\n\\","utility2-comment -->\\n\\","<div class=\"utility2FooterDiv\">\\n\\","    [ this app was created with\\n\\","    <a href=\"https://github.com/kaizhu256/node-utility2\" target=\"_blank\">utility2</a>\\n\\","    ]\\n\\","</div>\\n\\","</body>\\n\\","</html>\\n\\","';","        /* jslint-ignore-end */","        if (local.templateRender) {","            local.assetsDict['/'] = local.templateRender(","                local.assetsDict['/assets.index.template.html'],","                {","                    env: local.objectSetDefault(local.env, {","                        npm_package_description: 'the greatest app in the world!',","                        npm_package_name: 'my-app',","                        npm_package_nameAlias: 'my_app',","                        npm_package_version: '0.0.1'","                    })","                }","            );","        } else {","            local.assetsDict['/'] = local.assetsDict['/assets.index.template.html']","                .replace((/\\{\\{env\\.(\\w+?)\\}\\}/g), function (match0, match1) {","                    // jslint-hack","                    String(match0);","                    switch (match1) {","                    case 'npm_package_description':","                        return 'the greatest app in the world!';","                    case 'npm_package_name':","                        return 'my-app';","                    case 'npm_package_nameAlias':","                        return 'my_app';","                    case 'npm_package_version':","                        return '0.0.1';","                    }","                });","        }","        // run the cli","        if (local.global.utility2_rollup || module !== require.main) {","            break;","        }","        local.assetsDict['/assets.example.js'] =","            local.assetsDict['/assets.example.js'] ||","            local.fs.readFileSync(__filename, 'utf8');","        // bug-workaround - long $npm_package_buildCustomOrg","        /* jslint-ignore-begin */","        local.assetsDict['/assets.npmtest_cradle.rollup.js'] =","            local.assetsDict['/assets.npmtest_cradle.rollup.js'] ||","            local.fs.readFileSync(","                local.npmtest_cradle.__dirname + '/lib.npmtest_cradle.js',","                'utf8'","            ).replace((/^#!/), '//');","        /* jslint-ignore-end */","        local.assetsDict['/favicon.ico'] = local.assetsDict['/favicon.ico'] || '';","        // if $npm_config_timeout_exit exists,","        // then exit this process after $npm_config_timeout_exit ms","        if (Number(process.env.npm_config_timeout_exit)) {","            setTimeout(process.exit, Number(process.env.npm_config_timeout_exit));","        }","        // start server","        if (local.global.utility2_serverHttp1) {","            break;","        }","        process.env.PORT = process.env.PORT || '8081';","        console.error('server starting on port ' + process.env.PORT);","        local.http.createServer(function (request, response) {","            request.urlParsed = local.url.parse(request.url);","            if (local.assetsDict[request.urlParsed.pathname] !== undefined) {","                response.end(local.assetsDict[request.urlParsed.pathname]);","                return;","            }","            response.statusCode = 404;","            response.end();","        }).listen(process.env.PORT);","        break;","    }","}());",""],"l":{"26":2,"28":2,"33":2,"35":2,"37":2,"38":2,"39":2,"44":1,"51":2,"55":2,"59":2,"61":2,"69":1,"70":2,"76":2,"79":2,"82":2,"83":2,"85":1,"89":2,"92":1,"93":1,"94":1,"96":1,"97":1,"100":1,"101":1,"103":1,"106":1,"108":2,"114":1,"116":1,"118":1,"123":1,"124":2,"125":2,"126":3,"127":3,"128":3,"129":3,"130":1,"133":3,"134":3,"139":3,"143":1,"144":3,"145":1,"149":1,"150":1,"158":1,"160":1,"161":1,"162":1,"164":1,"166":1,"258":1,"259":1,"271":1,"274":6,"275":6,"277":1,"279":2,"281":1,"283":2,"288":1,"289":1,"291":1,"296":1,"303":1,"306":1,"307":1,"310":1,"311":1,"313":1,"314":1,"315":1,"316":1,"317":1,"318":1,"319":1,"321":1,"322":1,"324":1}},"/home/travis/build/npmtest/node-npmtest-cradle/node_modules/cradle/lib/cradle.js":{"path":"/home/travis/build/npmtest/node-npmtest-cradle/node_modules/cradle/lib/cradle.js","s":{"1":1,"2":1,"3":1,"4":1,"5":1,"6":1,"7":1,"8":1,"9":1,"10":1,"11":1,"12":1,"13":1,"14":0,"15":0,"16":0,"17":0,"18":0,"19":0,"20":1,"21":1,"22":0,"23":0,"24":0,"25":0,"26":0,"27":0,"28":0,"29":0,"30":0,"31":0,"32":0,"33":0,"34":0,"35":0,"36":0,"37":0,"38":0,"39":0,"40":0,"41":0,"42":0,"43":0,"44":0,"45":0,"46":0,"47":0,"48":0,"49":0,"50":0,"51":0,"52":0,"53":0,"54":0,"55":0,"56":0,"57":0,"58":0,"59":0,"60":0,"61":0,"62":0,"63":0,"64":0,"65":0,"66":1,"67":0,"68":0,"69":0,"70":0,"71":0,"72":0,"73":0,"74":0,"75":0,"76":0,"77":0,"78":0,"79":0,"80":0,"81":0,"82":0,"83":0,"84":1,"85":0,"86":0,"87":1,"88":0,"89":0,"90":0,"91":0,"92":0,"93":0,"94":0,"95":0,"96":0,"97":0,"98":0,"99":0,"100":0,"101":0,"102":0,"103":0,"104":0,"105":0,"106":0,"107":0,"108":0,"109":0,"110":0,"111":0,"112":0,"113":0,"114":0,"115":0,"116":0,"117":0,"118":0,"119":0,"120":1,"121":0,"122":1,"123":0,"124":1,"125":0,"126":1,"127":0,"128":1,"129":0,"130":1,"131":0,"132":1,"133":0,"134":0,"135":0,"136":0,"137":1,"138":0,"139":1,"140":0,"141":0,"142":0,"143":0,"144":0,"145":1,"146":0,"147":1,"148":0,"149":0,"150":0,"151":0,"152":0,"153":0},"b":{"1":[0,0],"2":[0,0],"3":[0,0,0],"4":[0,0],"5":[0,0,0],"6":[0,0],"7":[0,0],"8":[0,0],"9":[0,0],"10":[0,0],"11":[0,0],"12":[0,0],"13":[0,0],"14":[0,0],"15":[0,0],"16":[0,0],"17":[0,0],"18":[0,0],"19":[0,0],"20":[0,0],"21":[0,0],"22":[0,0],"23":[0,0],"24":[0,0],"25":[0,0],"26":[0,0],"27":[0,0],"28":[0,0],"29":[0,0],"30":[0,0],"31":[0,0],"32":[0,0],"33":[0,0],"34":[0,0],"35":[0,0],"36":[0,0],"37":[0,0],"38":[0,0],"39":[0,0],"40":[0,0,0,0,0,0],"41":[0,0],"42":[0,0],"43":[0,0],"44":[0,0],"45":[0,0],"46":[0,0],"47":[0,0],"48":[0,0],"49":[0,0],"50":[0,0],"51":[0,0],"52":[0,0],"53":[0,0],"54":[0,0]},"f":{"1":0,"2":0,"3":0,"4":0,"5":0,"6":0,"7":0,"8":0,"9":0,"10":0,"11":0,"12":0,"13":0,"14":0,"15":0,"16":0,"17":0,"18":0,"19":0,"20":0,"21":0,"22":0,"23":0,"24":0,"25":0},"fnMap":{"1":{"name":"(anonymous_1)","line":32,"loc":{"start":{"line":32,"column":15},"end":{"line":32,"column":35}}},"2":{"name":"Connection","line":45,"loc":{"start":{"line":45,"column":20},"end":{"line":45,"column":61}}},"3":{"name":"(anonymous_3)","line":56,"loc":{"start":{"line":56,"column":17},"end":{"line":56,"column":30}}},"4":{"name":"(anonymous_4)","line":132,"loc":{"start":{"line":132,"column":41},"end":{"line":132,"column":70}}},"5":{"name":"(anonymous_5)","line":145,"loc":{"start":{"line":145,"column":46},"end":{"line":145,"column":64}}},"6":{"name":"(anonymous_6)","line":164,"loc":{"start":{"line":164,"column":40},"end":{"line":164,"column":52}}},"7":{"name":"(anonymous_7)","line":172,"loc":{"start":{"line":172,"column":36},"end":{"line":172,"column":48}}},"8":{"name":"(anonymous_8)","line":173,"loc":{"start":{"line":173,"column":29},"end":{"line":173,"column":47}}},"9":{"name":"(anonymous_9)","line":184,"loc":{"start":{"line":184,"column":38},"end":{"line":184,"column":67}}},"10":{"name":"(anonymous_10)","line":188,"loc":{"start":{"line":188,"column":27},"end":{"line":188,"column":39}}},"11":{"name":"(anonymous_11)","line":198,"loc":{"start":{"line":198,"column":52},"end":{"line":198,"column":70}}},"12":{"name":"_onResponse","line":212,"loc":{"start":{"line":212,"column":36},"end":{"line":212,"column":73}}},"13":{"name":"(anonymous_13)","line":254,"loc":{"start":{"line":254,"column":39},"end":{"line":254,"column":55}}},"14":{"name":"(anonymous_14)","line":261,"loc":{"start":{"line":261,"column":40},"end":{"line":261,"column":60}}},"15":{"name":"(anonymous_15)","line":264,"loc":{"start":{"line":264,"column":37},"end":{"line":264,"column":57}}},"16":{"name":"(anonymous_16)","line":267,"loc":{"start":{"line":267,"column":35},"end":{"line":267,"column":55}}},"17":{"name":"(anonymous_17)","line":270,"loc":{"start":{"line":270,"column":36},"end":{"line":270,"column":56}}},"18":{"name":"(anonymous_18)","line":273,"loc":{"start":{"line":273,"column":42},"end":{"line":273,"column":62}}},"19":{"name":"(anonymous_19)","line":276,"loc":{"start":{"line":276,"column":36},"end":{"line":276,"column":63}}},"20":{"name":"(anonymous_20)","line":288,"loc":{"start":{"line":288,"column":40},"end":{"line":288,"column":69}}},"21":{"name":"(anonymous_21)","line":296,"loc":{"start":{"line":296,"column":35},"end":{"line":296,"column":51}}},"22":{"name":"(anonymous_22)","line":306,"loc":{"start":{"line":306,"column":16},"end":{"line":306,"column":30}}},"23":{"name":"(anonymous_23)","line":312,"loc":{"start":{"line":312,"column":15},"end":{"line":312,"column":33}}},"24":{"name":"(anonymous_24)","line":314,"loc":{"start":{"line":314,"column":17},"end":{"line":314,"column":30}}},"25":{"name":"(anonymous_25)","line":315,"loc":{"start":{"line":315,"column":31},"end":{"line":315,"column":47}}}},"statementMap":{"1":{"start":{"line":1,"column":0},"end":{"line":8,"column":33}},"2":{"start":{"line":10,"column":0},"end":{"line":10,"column":21}},"3":{"start":{"line":12,"column":0},"end":{"line":12,"column":54}},"4":{"start":{"line":13,"column":0},"end":{"line":13,"column":56}},"5":{"start":{"line":14,"column":0},"end":{"line":14,"column":50}},"6":{"start":{"line":15,"column":0},"end":{"line":15,"column":56}},"7":{"start":{"line":16,"column":0},"end":{"line":16,"column":58}},"8":{"start":{"line":18,"column":0},"end":{"line":18,"column":26}},"9":{"start":{"line":19,"column":0},"end":{"line":19,"column":19}},"10":{"start":{"line":20,"column":0},"end":{"line":20,"column":19}},"11":{"start":{"line":21,"column":0},"end":{"line":21,"column":17}},"12":{"start":{"line":22,"column":0},"end":{"line":30,"column":2}},"13":{"start":{"line":32,"column":0},"end":{"line":41,"column":2}},"14":{"start":{"line":33,"column":4},"end":{"line":33,"column":30}},"15":{"start":{"line":34,"column":4},"end":{"line":34,"column":30}},"16":{"start":{"line":35,"column":4},"end":{"line":37,"column":5}},"17":{"start":{"line":36,"column":8},"end":{"line":36,"column":48}},"18":{"start":{"line":38,"column":4},"end":{"line":38,"column":41}},"19":{"start":{"line":40,"column":4},"end":{"line":40,"column":16}},"20":{"start":{"line":43,"column":0},"end":{"line":43,"column":39}},"21":{"start":{"line":45,"column":0},"end":{"line":120,"column":2}},"22":{"start":{"line":46,"column":4},"end":{"line":54,"column":13}},"23":{"start":{"line":56,"column":4},"end":{"line":73,"column":7}},"24":{"start":{"line":57,"column":8},"end":{"line":72,"column":9}},"25":{"start":{"line":58,"column":12},"end":{"line":58,"column":31}},"26":{"start":{"line":59,"column":15},"end":{"line":72,"column":9}},"27":{"start":{"line":60,"column":12},"end":{"line":60,"column":24}},"28":{"start":{"line":61,"column":12},"end":{"line":61,"column":60}},"29":{"start":{"line":62,"column":12},"end":{"line":62,"column":40}},"30":{"start":{"line":63,"column":12},"end":{"line":63,"column":32}},"31":{"start":{"line":64,"column":12},"end":{"line":64,"column":28}},"32":{"start":{"line":66,"column":12},"end":{"line":66,"column":21}},"33":{"start":{"line":68,"column":12},"end":{"line":71,"column":13}},"34":{"start":{"line":69,"column":16},"end":{"line":69,"column":32}},"35":{"start":{"line":70,"column":16},"end":{"line":70,"column":42}},"36":{"start":{"line":75,"column":4},"end":{"line":81,"column":5}},"37":{"start":{"line":77,"column":8},"end":{"line":77,"column":39}},"38":{"start":{"line":78,"column":8},"end":{"line":78,"column":18}},"39":{"start":{"line":79,"column":8},"end":{"line":79,"column":36}},"40":{"start":{"line":80,"column":8},"end":{"line":80,"column":44}},"41":{"start":{"line":83,"column":4},"end":{"line":83,"column":39}},"42":{"start":{"line":84,"column":4},"end":{"line":84,"column":39}},"43":{"start":{"line":85,"column":4},"end":{"line":85,"column":39}},"44":{"start":{"line":86,"column":4},"end":{"line":86,"column":37}},"45":{"start":{"line":87,"column":4},"end":{"line":87,"column":61}},"46":{"start":{"line":89,"column":4},"end":{"line":89,"column":60}},"47":{"start":{"line":90,"column":4},"end":{"line":90,"column":74}},"48":{"start":{"line":92,"column":4},"end":{"line":95,"column":5}},"49":{"start":{"line":93,"column":8},"end":{"line":93,"column":60}},"50":{"start":{"line":94,"column":8},"end":{"line":94,"column":63}},"51":{"start":{"line":97,"column":4},"end":{"line":97,"column":62}},"52":{"start":{"line":97,"column":35},"end":{"line":97,"column":62}},"53":{"start":{"line":99,"column":4},"end":{"line":101,"column":5}},"54":{"start":{"line":100,"column":8},"end":{"line":100,"column":65}},"55":{"start":{"line":103,"column":4},"end":{"line":105,"column":5}},"56":{"start":{"line":104,"column":8},"end":{"line":104,"column":82}},"57":{"start":{"line":107,"column":4},"end":{"line":107,"column":34}},"58":{"start":{"line":108,"column":4},"end":{"line":108,"column":34}},"59":{"start":{"line":109,"column":4},"end":{"line":116,"column":5}},"60":{"start":{"line":110,"column":8},"end":{"line":110,"column":31}},"61":{"start":{"line":111,"column":8},"end":{"line":113,"column":9}},"62":{"start":{"line":112,"column":12},"end":{"line":112,"column":38}},"63":{"start":{"line":115,"column":8},"end":{"line":115,"column":30}},"64":{"start":{"line":117,"column":4},"end":{"line":117,"column":58}},"65":{"start":{"line":119,"column":4},"end":{"line":119,"column":52}},"66":{"start":{"line":132,"column":0},"end":{"line":165,"column":2}},"67":{"start":{"line":133,"column":4},"end":{"line":134,"column":20}},"68":{"start":{"line":137,"column":4},"end":{"line":137,"column":44}},"69":{"start":{"line":140,"column":4},"end":{"line":142,"column":5}},"70":{"start":{"line":141,"column":8},"end":{"line":141,"column":33}},"71":{"start":{"line":145,"column":4},"end":{"line":147,"column":7}},"72":{"start":{"line":146,"column":8},"end":{"line":146,"column":63}},"73":{"start":{"line":149,"column":4},"end":{"line":156,"column":5}},"74":{"start":{"line":150,"column":8},"end":{"line":154,"column":9}},"75":{"start":{"line":151,"column":12},"end":{"line":153,"column":13}},"76":{"start":{"line":152,"column":16},"end":{"line":152,"column":60}},"77":{"start":{"line":155,"column":8},"end":{"line":155,"column":67}},"78":{"start":{"line":158,"column":4},"end":{"line":158,"column":82}},"79":{"start":{"line":159,"column":4},"end":{"line":159,"column":31}},"80":{"start":{"line":160,"column":4},"end":{"line":160,"column":42}},"81":{"start":{"line":161,"column":4},"end":{"line":161,"column":24}},"82":{"start":{"line":162,"column":4},"end":{"line":162,"column":64}},"83":{"start":{"line":164,"column":4},"end":{"line":164,"column":57}},"84":{"start":{"line":172,"column":0},"end":{"line":176,"column":1}},"85":{"start":{"line":173,"column":2},"end":{"line":175,"column":5}},"86":{"start":{"line":174,"column":6},"end":{"line":174,"column":19}},"87":{"start":{"line":184,"column":0},"end":{"line":246,"column":2}},"88":{"start":{"line":185,"column":4},"end":{"line":186,"column":20}},"89":{"start":{"line":188,"column":4},"end":{"line":188,"column":42}},"90":{"start":{"line":191,"column":4},"end":{"line":191,"column":44}},"91":{"start":{"line":197,"column":4},"end":{"line":205,"column":5}},"92":{"start":{"line":198,"column":8},"end":{"line":202,"column":11}},"93":{"start":{"line":199,"column":12},"end":{"line":201,"column":33}},"94":{"start":{"line":200,"column":16},"end":{"line":200,"column":38}},"95":{"start":{"line":201,"column":21},"end":{"line":201,"column":32}},"96":{"start":{"line":203,"column":8},"end":{"line":203,"column":76}},"97":{"start":{"line":204,"column":8},"end":{"line":204,"column":63}},"98":{"start":{"line":207,"column":4},"end":{"line":209,"column":5}},"99":{"start":{"line":208,"column":8},"end":{"line":208,"column":46}},"100":{"start":{"line":211,"column":4},"end":{"line":211,"column":21}},"101":{"start":{"line":212,"column":4},"end":{"line":245,"column":7}},"102":{"start":{"line":213,"column":8},"end":{"line":213,"column":19}},"103":{"start":{"line":214,"column":8},"end":{"line":233,"column":9}},"104":{"start":{"line":215,"column":12},"end":{"line":223,"column":13}},"105":{"start":{"line":219,"column":14},"end":{"line":222,"column":16}},"106":{"start":{"line":224,"column":12},"end":{"line":224,"column":33}},"107":{"start":{"line":226,"column":13},"end":{"line":233,"column":9}},"108":{"start":{"line":227,"column":12},"end":{"line":227,"column":63}},"109":{"start":{"line":229,"column":13},"end":{"line":233,"column":9}},"110":{"start":{"line":230,"column":12},"end":{"line":230,"column":58}},"111":{"start":{"line":231,"column":12},"end":{"line":231,"column":49}},"112":{"start":{"line":232,"column":12},"end":{"line":232,"column":57}},"113":{"start":{"line":235,"column":8},"end":{"line":236,"column":23}},"114":{"start":{"line":235,"column":14},"end":{"line":235,"column":38}},"115":{"start":{"line":238,"column":8},"end":{"line":242,"column":9}},"116":{"start":{"line":239,"column":12},"end":{"line":239,"column":58}},"117":{"start":{"line":240,"column":12},"end":{"line":240,"column":49}},"118":{"start":{"line":241,"column":12},"end":{"line":241,"column":57}},"119":{"start":{"line":244,"column":8},"end":{"line":244,"column":81}},"120":{"start":{"line":254,"column":0},"end":{"line":256,"column":2}},"121":{"start":{"line":255,"column":4},"end":{"line":255,"column":42}},"122":{"start":{"line":261,"column":0},"end":{"line":263,"column":2}},"123":{"start":{"line":262,"column":4},"end":{"line":262,"column":50}},"124":{"start":{"line":264,"column":0},"end":{"line":266,"column":2}},"125":{"start":{"line":265,"column":4},"end":{"line":265,"column":49}},"126":{"start":{"line":267,"column":0},"end":{"line":269,"column":2}},"127":{"start":{"line":268,"column":4},"end":{"line":268,"column":42}},"128":{"start":{"line":270,"column":0},"end":{"line":272,"column":2}},"129":{"start":{"line":271,"column":4},"end":{"line":271,"column":48}},"130":{"start":{"line":273,"column":0},"end":{"line":275,"column":2}},"131":{"start":{"line":274,"column":4},"end":{"line":274,"column":55}},"132":{"start":{"line":276,"column":0},"end":{"line":287,"column":2}},"133":{"start":{"line":277,"column":4},"end":{"line":280,"column":5}},"134":{"start":{"line":278,"column":8},"end":{"line":278,"column":25}},"135":{"start":{"line":279,"column":8},"end":{"line":279,"column":21}},"136":{"start":{"line":282,"column":4},"end":{"line":286,"column":17}},"137":{"start":{"line":288,"column":0},"end":{"line":294,"column":2}},"138":{"start":{"line":289,"column":4},"end":{"line":293,"column":17}},"139":{"start":{"line":296,"column":0},"end":{"line":304,"column":1}},"140":{"start":{"line":297,"column":4},"end":{"line":297,"column":60}},"141":{"start":{"line":298,"column":4},"end":{"line":300,"column":5}},"142":{"start":{"line":299,"column":8},"end":{"line":299,"column":31}},"143":{"start":{"line":302,"column":4},"end":{"line":302,"column":49}},"144":{"start":{"line":303,"column":4},"end":{"line":303,"column":15}},"145":{"start":{"line":306,"column":0},"end":{"line":310,"column":2}},"146":{"start":{"line":307,"column":4},"end":{"line":309,"column":13}},"147":{"start":{"line":312,"column":0},"end":{"line":322,"column":2}},"148":{"start":{"line":313,"column":4},"end":{"line":313,"column":56}},"149":{"start":{"line":314,"column":4},"end":{"line":320,"column":7}},"150":{"start":{"line":315,"column":8},"end":{"line":319,"column":11}},"151":{"start":{"line":316,"column":12},"end":{"line":318,"column":13}},"152":{"start":{"line":317,"column":16},"end":{"line":317,"column":39}},"153":{"start":{"line":321,"column":4},"end":{"line":321,"column":18}}},"branchMap":{"1":{"line":35,"type":"if","locations":[{"start":{"line":35,"column":4},"end":{"line":35,"column":4}},{"start":{"line":35,"column":4},"end":{"line":35,"column":4}}]},"2":{"line":57,"type":"if","locations":[{"start":{"line":57,"column":8},"end":{"line":57,"column":8}},{"start":{"line":57,"column":8},"end":{"line":57,"column":8}}]},"3":{"line":57,"type":"binary-expr","locations":[{"start":{"line":57,"column":12},"end":{"line":57,"column":34}},{"start":{"line":57,"column":39},"end":{"line":57,"column":61}},{"start":{"line":57,"column":65},"end":{"line":57,"column":84}}]},"4":{"line":59,"type":"if","locations":[{"start":{"line":59,"column":15},"end":{"line":59,"column":15}},{"start":{"line":59,"column":15},"end":{"line":59,"column":15}}]},"5":{"line":61,"type":"binary-expr","locations":[{"start":{"line":61,"column":19},"end":{"line":61,"column":23}},{"start":{"line":61,"column":27},"end":{"line":61,"column":43}},{"start":{"line":61,"column":47},"end":{"line":61,"column":59}}]},"6":{"line":62,"type":"binary-expr","locations":[{"start":{"line":62,"column":19},"end":{"line":62,"column":23}},{"start":{"line":62,"column":27},"end":{"line":62,"column":39}}]},"7":{"line":68,"type":"if","locations":[{"start":{"line":68,"column":12},"end":{"line":68,"column":12}},{"start":{"line":68,"column":12},"end":{"line":68,"column":12}}]},"8":{"line":75,"type":"if","locations":[{"start":{"line":75,"column":4},"end":{"line":75,"column":4}},{"start":{"line":75,"column":4},"end":{"line":75,"column":4}}]},"9":{"line":80,"type":"binary-expr","locations":[{"start":{"line":80,"column":24},"end":{"line":80,"column":35}},{"start":{"line":80,"column":39},"end":{"line":80,"column":43}}]},"10":{"line":83,"type":"binary-expr","locations":[{"start":{"line":83,"column":19},"end":{"line":83,"column":23}},{"start":{"line":83,"column":27},"end":{"line":83,"column":38}}]},"11":{"line":84,"type":"binary-expr","locations":[{"start":{"line":84,"column":19},"end":{"line":84,"column":23}},{"start":{"line":84,"column":27},"end":{"line":84,"column":38}}]},"12":{"line":85,"type":"binary-expr","locations":[{"start":{"line":85,"column":19},"end":{"line":85,"column":23}},{"start":{"line":85,"column":27},"end":{"line":85,"column":38}}]},"13":{"line":86,"type":"binary-expr","locations":[{"start":{"line":86,"column":19},"end":{"line":86,"column":21}},{"start":{"line":86,"column":27},"end":{"line":86,"column":36}}]},"14":{"line":89,"type":"binary-expr","locations":[{"start":{"line":89,"column":30},"end":{"line":89,"column":53}},{"start":{"line":89,"column":57},"end":{"line":89,"column":59}}]},"15":{"line":90,"type":"binary-expr","locations":[{"start":{"line":90,"column":30},"end":{"line":90,"column":49}},{"start":{"line":90,"column":57},"end":{"line":90,"column":73}}]},"16":{"line":92,"type":"if","locations":[{"start":{"line":92,"column":4},"end":{"line":92,"column":4}},{"start":{"line":92,"column":4},"end":{"line":92,"column":4}}]},"17":{"line":97,"type":"if","locations":[{"start":{"line":97,"column":4},"end":{"line":97,"column":4}},{"start":{"line":97,"column":4},"end":{"line":97,"column":4}}]},"18":{"line":99,"type":"if","locations":[{"start":{"line":99,"column":4},"end":{"line":99,"column":4}},{"start":{"line":99,"column":4},"end":{"line":99,"column":4}}]},"19":{"line":100,"type":"cond-expr","locations":[{"start":{"line":100,"column":48},"end":{"line":100,"column":55}},{"start":{"line":100,"column":58},"end":{"line":100,"column":64}}]},"20":{"line":103,"type":"if","locations":[{"start":{"line":103,"column":4},"end":{"line":103,"column":4}},{"start":{"line":103,"column":4},"end":{"line":103,"column":4}}]},"21":{"line":109,"type":"if","locations":[{"start":{"line":109,"column":4},"end":{"line":109,"column":4}},{"start":{"line":109,"column":4},"end":{"line":109,"column":4}}]},"22":{"line":111,"type":"if","locations":[{"start":{"line":111,"column":8},"end":{"line":111,"column":8}},{"start":{"line":111,"column":8},"end":{"line":111,"column":8}}]},"23":{"line":137,"type":"binary-expr","locations":[{"start":{"line":137,"column":22},"end":{"line":137,"column":37}},{"start":{"line":137,"column":41},"end":{"line":137,"column":43}}]},"24":{"line":140,"type":"if","locations":[{"start":{"line":140,"column":4},"end":{"line":140,"column":4}},{"start":{"line":140,"column":4},"end":{"line":140,"column":4}}]},"25":{"line":149,"type":"if","locations":[{"start":{"line":149,"column":4},"end":{"line":149,"column":4}},{"start":{"line":149,"column":4},"end":{"line":149,"column":4}}]},"26":{"line":149,"type":"binary-expr","locations":[{"start":{"line":149,"column":8},"end":{"line":149,"column":21}},{"start":{"line":149,"column":25},"end":{"line":149,"column":58}}]},"27":{"line":151,"type":"if","locations":[{"start":{"line":151,"column":12},"end":{"line":151,"column":12}},{"start":{"line":151,"column":12},"end":{"line":151,"column":12}}]},"28":{"line":158,"type":"binary-expr","locations":[{"start":{"line":158,"column":36},"end":{"line":158,"column":65}},{"start":{"line":158,"column":69},"end":{"line":158,"column":81}}]},"29":{"line":162,"type":"binary-expr","locations":[{"start":{"line":162,"column":27},"end":{"line":162,"column":47}},{"start":{"line":162,"column":51},"end":{"line":162,"column":53}}]},"30":{"line":164,"type":"binary-expr","locations":[{"start":{"line":164,"column":28},"end":{"line":164,"column":36}},{"start":{"line":164,"column":40},"end":{"line":164,"column":55}}]},"31":{"line":185,"type":"binary-expr","locations":[{"start":{"line":185,"column":52},"end":{"line":185,"column":67}},{"start":{"line":185,"column":71},"end":{"line":185,"column":73}}]},"32":{"line":188,"type":"binary-expr","locations":[{"start":{"line":188,"column":15},"end":{"line":188,"column":23}},{"start":{"line":188,"column":27},"end":{"line":188,"column":41}}]},"33":{"line":191,"type":"binary-expr","locations":[{"start":{"line":191,"column":22},"end":{"line":191,"column":37}},{"start":{"line":191,"column":41},"end":{"line":191,"column":43}}]},"34":{"line":197,"type":"if","locations":[{"start":{"line":197,"column":4},"end":{"line":197,"column":4}},{"start":{"line":197,"column":4},"end":{"line":197,"column":4}}]},"35":{"line":199,"type":"if","locations":[{"start":{"line":199,"column":12},"end":{"line":199,"column":12}},{"start":{"line":199,"column":12},"end":{"line":199,"column":12}}]},"36":{"line":207,"type":"if","locations":[{"start":{"line":207,"column":4},"end":{"line":207,"column":4}},{"start":{"line":207,"column":4},"end":{"line":207,"column":4}}]},"37":{"line":207,"type":"binary-expr","locations":[{"start":{"line":207,"column":8},"end":{"line":207,"column":35}},{"start":{"line":207,"column":39},"end":{"line":207,"column":73}}]},"38":{"line":214,"type":"if","locations":[{"start":{"line":214,"column":8},"end":{"line":214,"column":8}},{"start":{"line":214,"column":8},"end":{"line":214,"column":8}}]},"39":{"line":215,"type":"if","locations":[{"start":{"line":215,"column":12},"end":{"line":215,"column":12}},{"start":{"line":215,"column":12},"end":{"line":215,"column":12}}]},"40":{"line":215,"type":"binary-expr","locations":[{"start":{"line":215,"column":16},"end":{"line":215,"column":36}},{"start":{"line":216,"column":15},"end":{"line":216,"column":30}},{"start":{"line":216,"column":34},"end":{"line":216,"column":72}},{"start":{"line":216,"column":76},"end":{"line":216,"column":88}},{"start":{"line":217,"column":14},"end":{"line":217,"column":53}},{"start":{"line":217,"column":57},"end":{"line":217,"column":89}}]},"41":{"line":226,"type":"if","locations":[{"start":{"line":226,"column":13},"end":{"line":226,"column":13}},{"start":{"line":226,"column":13},"end":{"line":226,"column":13}}]},"42":{"line":229,"type":"if","locations":[{"start":{"line":229,"column":13},"end":{"line":229,"column":13}},{"start":{"line":229,"column":13},"end":{"line":229,"column":13}}]},"43":{"line":229,"type":"binary-expr","locations":[{"start":{"line":229,"column":17},"end":{"line":229,"column":21}},{"start":{"line":229,"column":25},"end":{"line":229,"column":35}}]},"44":{"line":238,"type":"if","locations":[{"start":{"line":238,"column":8},"end":{"line":238,"column":8}},{"start":{"line":238,"column":8},"end":{"line":238,"column":8}}]},"45":{"line":238,"type":"binary-expr","locations":[{"start":{"line":238,"column":12},"end":{"line":238,"column":16}},{"start":{"line":238,"column":20},"end":{"line":238,"column":30}}]},"46":{"line":244,"type":"cond-expr","locations":[{"start":{"line":244,"column":42},"end":{"line":244,"column":46}},{"start":{"line":244,"column":49},"end":{"line":244,"column":79}}]},"47":{"line":277,"type":"if","locations":[{"start":{"line":277,"column":4},"end":{"line":277,"column":4}},{"start":{"line":277,"column":4},"end":{"line":277,"column":4}}]},"48":{"line":285,"type":"cond-expr","locations":[{"start":{"line":285,"column":23},"end":{"line":285,"column":39}},{"start":{"line":285,"column":42},"end":{"line":285,"column":44}}]},"49":{"line":297,"type":"binary-expr","locations":[{"start":{"line":297,"column":15},"end":{"line":297,"column":28}},{"start":{"line":297,"column":32},"end":{"line":297,"column":38}}]},"50":{"line":298,"type":"if","locations":[{"start":{"line":298,"column":4},"end":{"line":298,"column":4}},{"start":{"line":298,"column":4},"end":{"line":298,"column":4}}]},"51":{"line":298,"type":"binary-expr","locations":[{"start":{"line":298,"column":8},"end":{"line":298,"column":25}},{"start":{"line":298,"column":29},"end":{"line":298,"column":45}}]},"52":{"line":302,"type":"cond-expr","locations":[{"start":{"line":302,"column":29},"end":{"line":302,"column":33}},{"start":{"line":302,"column":37},"end":{"line":302,"column":47}}]},"53":{"line":307,"type":"cond-expr","locations":[{"start":{"line":308,"column":10},"end":{"line":308,"column":32}},{"start":{"line":309,"column":10},"end":{"line":309,"column":12}}]},"54":{"line":316,"type":"if","locations":[{"start":{"line":316,"column":12},"end":{"line":316,"column":12}},{"start":{"line":316,"column":12},"end":{"line":316,"column":12}}]}},"code":["var events = require('events'),","    fs = require('fs'),","    path = require('path'),","    url = require('url'),","    http = require('http'),","    https = require('https'),","    querystring = require('querystring'),","    request = require('request');","","var cradle = exports;","","cradle.extend   = require('./cradle/response').extend;","cradle.Response = require('./cradle/response').Response;","cradle.Cache    = require('./cradle/cache').Cache;","cradle.Database = require('./cradle/database').Database;","cradle.CouchError = require('./cradle/errors').CouchError;","","cradle.host = '127.0.0.1';","cradle.port = 5984;","cradle.auth = null;","cradle.ca = null;","cradle.options = {","    cache: true,","    raw: false,","    secure: false,","    retries: 0,","    retryTimeout: 10e3,","    forceSave: true,","    headers: {}","};","","cradle.setup = function (settings) {","    this.host = settings.host;","    this.auth = settings.auth;","    if (settings.port) {","        this.port = parseInt(settings.port, 10);","    }","    cradle.merge(this.options, settings);","","    return this;","};","","var protocolPattern = /^(https?):\\/\\//;","","cradle.Connection = function Connection(/* variable args */) {","    var args = Array.prototype.slice.call(arguments),","        options = {},","        remote,","        match,","        host,","        port,","        ca,","        agentOptions = {},","        auth;","","    args.forEach(function (a) {","        if (typeof(a) === 'number' || (typeof(a) === 'string' && /^\\d{2,5}$/.test(a))) {","            port = parseInt(a);","        } else if (typeof(a) === 'object') {","            options = a;","            host = host || options.hostname || options.host;","            port = port || options.port;","            auth = options.auth;","            ca = options.ca;","        } else {","            host = a;","","            if (match = host.match(/^(.+)\\:(\\d{2,5})$/)) {","                host = match[1];","                port = parseInt(match[2]);","            }","        }","    });","","    if (typeof auth == \"string\") {","        // probaby via a url.parse()","        var userpass = auth.split(\":\");","        auth = {};","        auth.username = userpass[0];","        auth.password = userpass[1] || null;","    }","","    this.host    = host || cradle.host;","    this.port    = port || cradle.port;","    this.auth    = auth || cradle.auth;","    this.ca      = ca   || cradle.ca;","    this.options = cradle.merge({}, cradle.options, options);","","    this.options.maxSockets = this.options.maxSockets || 20;","    this.options.secure     = this.options.secure     || this.options.ssl;","","    if (protocolPattern.test(this.host)) {","        this.protocol = this.host.match(protocolPattern)[1];","        this.host     = this.host.replace(protocolPattern, '');","    }","","    if (this.protocol === 'https') this.options.secure = true;","","    if (!this.protocol) {","        this.protocol = (this.options.secure) ? 'https' : 'http';","    }","","    if (this.options.ssl) { // Deprecation warning","        console.log('Warning: \"ssl\" option is deprecated. Use \"secure\" instead.');","    }","","    agentOptions.host = this.host;","    agentOptions.port = this.port;","    if (this.options.secure) {","        this.transport = https;","        if (this.ca) {","            agentOptions.ca = this.ca;","        }","    } else {","        this.transport = http;","    }","    this.agent = new (this.transport.Agent)(agentOptions);","","    this.agent.maxSockets = this.options.maxSockets;","};","","//","// Connection.rawRequest()","//","//      This is a base wrapper around connections to CouchDB. Given that it handles","//      *all* requests, including those for attachments, it knows nothing about","//      JSON serialization and does not presuppose it is sending or receiving JSON","//      content","//","// OLDAPI: function (method, path, options, data, headers)","//","cradle.Connection.prototype.rawRequest = function (options, callback) {","    var promise = new(events.EventEmitter),","        self = this;","","    // HTTP Headers","    options.headers = options.headers || {};","","    // Set HTTP Basic Auth","    if (this.auth) {","        options.auth = this.auth;","    }","","    // Set client-wide headers","    Object.keys(this.options.headers).forEach(function (header) {","        options.headers[header] = self.options.headers[head
[...]
     return callback({ reason: 'not_found' });","                            }","","                            document._rev = headers.etag.slice(1, -1);","                            that.put(id, document, callback);","                        });","                    } else {","                        callback(e, res);","                    }","                });","            }","        // POST a single document, without an id (Create)","        } else {","            this.post(doc, callback);","        }","    }","};","","Database.prototype.merge = function (/* [id], doc */) {","    var args     = Array.prototype.slice.call(arguments),","        callback = args.pop(),","        doc      = args.pop(),","        id       = args.pop() || doc._id;","","    this._merge(id, doc, callback);","};","","Database.prototype._merge = function (id, doc, callback) {","    var that = this;","    this.get(id, function (e, res) {","        if (e) {","            return callback(e);","        }","        doc = cradle.merge({}, res.json || res, doc);","        that.save(id, res._rev, doc, callback);","    });","};","","Database.prototype.insert = function () {","    throw new Error(\"`insert` is deprecated, use `save` instead\");","};","","// Update document handler","// body is an optional parameter for passing data in the body which is not limited by the","// 8197 characters limit of the query parameter","Database.prototype.update = function (path, id, options, body) {","    var args = new(Args)(arguments);","    path = path.split('/');","","    if (id) {","      return this.query({","        method: 'PUT',","        path: ['_design', path[0], '_update', path[1], id].map(querystring.escape).join('/'),","        query: options,","        body: body","      }, args.callback);","    }","","    return this.query({","        method: 'POST',","        path: ['_design', path[0], '_update', path[1]].map(querystring.escape).join('/'),","        query: options,","        body: body","    }, args.callback);","};","","// Delete a document","// If the _rev wasn't supplied, we attempt to retrieve it from the","// cache. Otherwise, we attempt to get the _rev first. If the deletion","// was successful, we purge the cache.","Database.prototype.remove = function (id, rev) {","    var that = this, doc, args = new(Args)(arguments);","","    //","    // Removes the document with `id` at `rev`.","    //","    function remove() {","        that.query({","            method: 'DELETE',","            path: cradle.escape(id),","            query: { rev: rev }","        }, function (err, res) {","            if (! err) {","                that.cache.purge(id);","            }","            args.callback(err, res);","        });","    }","","    if (typeof(rev) !== 'string') {","        if (doc = this.cache.get(id)) {","            rev = doc._rev;","        }","        else {","            return this.get(id, function (err, _doc) {","                if (err) {","                    return args.callback(err);","                }","                else if (!_doc._rev) {","                    return args.callback(new Error('No _rev found for ' + id));","                }","","                rev = _doc._rev;","                remove();","            });","        }","    }","","    remove();","};",""],"l":{"3":1,"11":1,"12":0,"21":1,"22":0,"26":0,"27":0,"33":0,"36":0,"37":0,"38":0,"41":0,"42":0,"44":0,"45":0,"47":0,"51":0,"52":0,"60":1,"61":0,"62":0,"63":0,"65":0,"70":0,"71":0,"73":0,"80":1,"81":0,"82":0,"87":0,"88":0,"90":0,"94":1,"95":0,"98":0,"99":0,"101":0,"102":0,"103":0,"105":0,"108":1,"109":0,"110":0,"113":0,"114":0,"115":0,"116":0,"118":0,"124":0,"125":0,"129":0,"131":0,"132":0,"133":0,"135":0,"139":0,"141":0,"142":0,"143":0,"144":0,"145":0,"150":0,"151":0,"152":0,"153":0,"154":0,"157":0,"158":0,"161":0,"167":0,"172":1,"173":0,"178":0,"181":1,"182":0,"183":0,"184":0,"185":0,"187":0,"188":0,"192":1,"193":0,"199":1,"200":0,"201":0,"203":0,"204":0,"212":0,"224":1,"225":0,"230":1,"231":0,"236":0,"237":0,"239":0,"243":0,"244":0,"245":0,"248":0,"249":0,"250":0,"252":0,"253":0,"256":0,"257":0,"262":0}},"/home/travis/build/npmtest/node-npmtest-cradle/node_modules/cradle/lib/cradle/database/views.js":{"path":"/home/travis/build/npmtest/node-npmtest-cradle/node_modules/cradle/lib/cradle/database/views.js","s":{"1":1,"2":1,"3":0,"4":0,"5":0,"6":0,"7":1,"8":0,"9":0,"10":0,"11":0,"12":0,"13":0,"14":1,"15":0,"16":0,"17":0,"18":0,"19":0,"20":0,"21":0,"22":1,"23":0,"24":0,"25":0,"26":0,"27":0,"28":0,"29":0,"30":0,"31":1,"32":0,"33":1,"34":0,"35":1,"36":0,"37":0,"38":0,"39":1,"40":0,"41":0,"42":0,"43":0,"44":0,"45":0,"46":1,"47":0,"48":0,"49":0,"50":0,"51":0,"52":0,"53":0,"54":0,"55":0,"56":0},"b":{"1":[0,0],"2":[0,0],"3":[0,0],"4":[0,0],"5":[0,0],"6":[0,0],"7":[0,0],"8":[0,0],"9":[0,0],"10":[0,0],"11":[0,0],"12":[0,0],"13":[0,0],"14":[0,0],"15":[0,0],"16":[0,0],"17":[0,0]},"f":{"1":0,"2":0,"3":0,"4":0,"5":0,"6":0,"7":0,"8":0,"9":0,"10":0,"11":0},"fnMap":{"1":{"name":"(anonymous_1)","line":8,"loc":{"start":{"line":8,"column":25},"end":{"line":8,"column":54}}},"2":{"name":"(anonymous_2)","line":19,"loc":{"start":{"line":19,"column":26},"end":{"line":19,"column":61}}},"3":{"name":"(anonymous_3)","line":31,"loc":{"start":{"line":31,"column":25},"end":{"line":31,"column":60}}},"4":{"name":"(anonymous_4)","line":45,"loc":{"start":{"line":45,"column":35},"end":{"line":45,"column":69}}},"5":{"name":"(anonymous_5)","line":52,"loc":{"start":{"line":52,"column":54},"end":{"line":52,"column":67}}},"6":{"name":"(anonymous_6)","line":67,"loc":{"start":{"line":67,"column":33},"end":{"line":67,"column":53}}},"7":{"name":"(anonymous_7)","line":77,"loc":{"start":{"line":77,"column":29},"end":{"line":77,"column":47}}},"8":{"name":"(anonymous_8)","line":89,"loc":{"start":{"line":89,"column":26},"end":{"line":89,"column":51}}},"9":{"name":"(anonymous_9)","line":105,"loc":{"start":{"line":105,"column":36},"end":{"line":105,"column":71}}},"10":{"name":"parseOptions","line":131,"loc":{"start":{"line":131,"column":0},"end":{"line":131,"column":31}}},"11":{"name":"(anonymous_11)","line":135,"loc":{"start":{"line":135,"column":46},"end":{"line":135,"column":59}}}},"statementMap":{"1":{"start":{"line":3,"column":0},"end":{"line":6,"column":43}},"2":{"start":{"line":8,"column":0},"end":{"line":15,"column":2}},"3":{"start":{"line":9,"column":4},"end":{"line":12,"column":5}},"4":{"start":{"line":10,"column":6},"end":{"line":10,"column":25}},"5":{"start":{"line":11,"column":6},"end":{"line":11,"column":19}},"6":{"start":{"line":14,"column":4},"end":{"line":14,"column":64}},"7":{"start":{"line":19,"column":0},"end":{"line":29,"column":2}},"8":{"start":{"line":20,"column":4},"end":{"line":23,"column":5}},"9":{"start":{"line":21,"column":8},"end":{"line":21,"column":27}},"10":{"start":{"line":22,"column":8},"end":{"line":22,"column":21}},"11":{"start":{"line":25,"column":4},"end":{"line":25,"column":27}},"12":{"start":{"line":26,"column":4},"end":{"line":26,"column":84}},"13":{"start":{"line":28,"column":4},"end":{"line":28,"column":56}},"14":{"start":{"line":31,"column":0},"end":{"line":43,"column":2}},"15":{"start":{"line":32,"column":4},"end":{"line":35,"column":5}},"16":{"start":{"line":33,"column":8},"end":{"line":33,"column":27}},"17":{"start":{"line":34,"column":8},"end":{"line":34,"column":21}},"18":{"start":{"line":37,"column":4},"end":{"line":37,"column":27}},"19":{"start":{"line":38,"column":4},"end":{"line":38,"column":103}},"20":{"start":{"line":40,"column":4},"end":{"line":40,"column":36}},"21":{"start":{"line":42,"column":4},"end":{"line":42,"column":83}},"22":{"start":{"line":45,"column":0},"end":{"line":65,"column":2}},"23":{"start":{"line":46,"column":4},"end":{"line":49,"column":5}},"24":{"start":{"line":47,"column":8},"end":{"line":47,"column":27}},"25":{"start":{"line":48,"column":8},"end":{"line":48,"column":23}},"26":{"start":{"line":51,"column":4},"end":{"line":57,"column":5}},"27":{"start":{"line":52,"column":8},"end":{"line":56,"column":11}},"28":{"start":{"line":53,"column":12},"end":{"line":55,"column":13}},"29":{"start":{"line":54,"column":16},"end":{"line":54,"column":56}},"30":{"start":{"line":59,"column":4},"end":{"line":64,"column":17}},"31":{"start":{"line":67,"column":0},"end":{"line":75,"column":2}},"32":{"start":{"line":68,"column":4},"end":{"line":74,"column":17}},"33":{"start":{"line":77,"column":0},"end":{"line":85,"column":2}},"34":{"start":{"line":78,"column":4},"end":{"line":84,"column":29}},"35":{"start":{"line":89,"column":0},"end":{"line":98,"column":2}},"36":{"start":{"line":90,"column":4},"end":{"line":90,"column":49}},"37":{"start":{"line":91,"column":8},"end":{"line":91,"column":31}},"38":{"start":{"line":93,"column":4},"end":{"line":97,"column":6}},"39":{"start":{"line":105,"column":0},"end":{"line":125,"column":2}},"40":{"start":{"line":106,"column":4},"end":{"line":106,"column":36}},"41":{"start":{"line":108,"column":4},"end":{"line":118,"column":5}},"42":{"start":{"line":109,"column":8},"end":{"line":109,"column":32}},"43":{"start":{"line":110,"column":8},"end":{"line":110,"column":28}},"44":{"start":{"line":112,"column":8},"end":{"line":117,"column":21}},"45":{"start":{"line":120,"column":4},"end":{"line":124,"column":17}},"46":{"start":{"line":131,"column":0},"end":{"line":149,"column":1}},"47":{"start":{"line":132,"column":4},"end":{"line":140,"column":5}},"48":{"start":{"line":133,"column":8},"end":{"line":133,"column":44}},"49":{"start":{"line":135,"column":8},"end":{"line":139,"column":11}},"50":{"start":{"line":136,"column":12},"end":{"line":138,"column":13}},"51":{"start":{"line":137,"column":16},"end":{"line":137,"column":56}},"52":{"start":{"line":142,"column":4},"end":{"line":146,"column":5}},"53":{"start":{"line":143,"column":8},"end":{"line":143,"column":42}},"54":{"start":{"line":144,"column":8},"end":{"line":144,"column":41}},"55":{"start":{"line":145,"column":8},"end":{"line":145,"column":28}},"56":{"start":{"line":148,"column":4},"end":{"line":148,"column":19}}},"branchMap":{"1":{"line":9,"type":"if","locations":[{"start":{"line":9,"column":4},"end":{"line":9,"column":4}},{"start":{"line":9,"column":4},"end":{"line":9,"column":4}}]},"2":{"line":20,"type":"if","locations":[{"start":{"line":20,"column":4},"end":{"line":20,"column":4}},{"start":{"line":20,"column":4},"end":{"line":20,"column":4}}]},"3":{"line":32,"type":"if","locations":[{"start":{"line":32,"column":4},"end":{"line":32,"column":4}},{"start":{"line":32,"column":4},"end":{"line":32,"column":4}}]},"4":{"line":46,"type":"if","locations":[{"start":{"line":46,"column":4},"end":{"line":46,"column":4}},{"start":{"line":46,"column":4},"end":{"line":46,"column":4}}]},"5":{"line":46,"type":"binary-expr","locations":[{"start":{"line":46,"column":8},"end":{"line":46,"column":17}},{"start":{"line":46,"column":21},"end":{"line":46,"column":50}}]},"6":{"line":51,"type":"if","locations":[{"start":{"line":51,"column":4},"end":{"line":51,"column":4}},{"start":{"line":51,"column":4},"end":{"line":51,"column":4}}]},"7":{"line":51,"type":"binary-expr","locations":[{"start":{"line":51,"column":8},"end":{"line":51,"column":15}},{"start":{"line":51,"column":19},"end":{"line":51,"column":46}}]},"8":{"line":53,"type":"if","locations":[{"start":{"line":53,"column":12},"end":{"line":53,"column":12}},{"start":{"line":53,"column":12},"end":{"line":53,"column":12}}]},"9":{"line":80,"type":"cond-expr","locations":[{"start":{"line":80,"column":59},"end":{"line":80,"column":91}},{"start":{"line":80,"column":94},"end":{"line":80,"column":96}}]},"10":{"line":108,"type":"if","locations":[{"start":{"line":108,"column":4},"end":{"line":108,"column":4}},{"start":{"line":108,"column":4},"end":{"line":108,"column":4}}]},"11":{"line":108,"type":"binary-expr","locations":[{"start":{"line":108,"column":8},"end":{"line":108,"column":15}},{"start":{"line":108,"column":19},"end":{"line":108,"column":31}}]},"12":{"line":132,"type":"if","locations":[{"start":{"line":132,"column":4},"end":{"line":132,"column":4}},{"start":{"line":132,"column":4},"end":{"line":132,"column":4}}]},"13":{"line":132,"type":"binary-expr","locations":[{"start":{"line":132,"column":8},"end":{"line":132,"column":15}},{"start":{"line":132,"column":19},"end":{"line":132,"column":46}}]},"14":{"line":136,"type":"if","locations":[{"start":{"line":136,"column":12},"end":{"line":136,"column":12}},{"start":{"line":136,"column":12},"end":{"line":136,"column":12}}]},"15":{"line":142,"type":"if","locations":[{"start":{"line":142,"column":4},"end":{"line":142,"column":4}},{"start":{"line":142,"column":4},"end":{"line":142,"column":4}}]},"16":{"line":142,"type":"binary-expr","locations":[{"start":{"line":142,"column":8},"end":{"line":142,"column":15}},{"start":{"line":142,"column":19},"end":{"line":142,"column":31}}]},"17":{"line":143,"type":"binary-expr","locations":[{"start":{"line":143,"column":23},"end":{"line":143,"column":35}},{"start":{"line":143,"column":39},"end":{"line":143,"column":41}}]}},"code":["/*jshint node:true */","","var querystring = require('querystring'),","    Args = require('vargs').Constructor,","    cradle = require('../../cradle'),","    Database = require('./index').Database;","","Database.prototype.all = function (options, callback) {","    if (arguments.length === 1) {","      callback = options;","      options = {};","    }","","    return this._getOrPostView('/_all_docs', options, callback);","};","","// Query a view, passing any options to the query string.","// Some query string parameters' values have to be JSON-encoded.","Database.prototype.view = function (path, options, callback) {","    if (typeof options === 'function') {","        callback = options;","        options = {};","    }","","    path = path.split('/');","    path = ['_design', path[0], '_view', path[1]].map(querystring.escape).join('/');","","    return this._getOrPostView(path, options, callback);","};","","Database.prototype.fti = function (path, options, callback) {","    if (typeof options === 'function') {","        callback = options;","        options = {};","    }","","    path = path.split('/');","    path = ['_fti', 'local', this.name, '_design', path[0], path[1]].map(querystring.escape).join('/');","","    options = parseOptions(options);","","    this.connection.request({method: 'GET', path: path, query: options}, callback);","};","","Database.prototype.temporaryView = function (doc, options, callback) {","    if (!callback && typeof options === 'function') {","        callback = options;","        options = null;","    }","","    if (options && typeof options === 'object') {","        ['key', 'keys', 'startkey', 'endkey'].forEach(function (k) {","            if (k in options) {","                options[k] = JSON.stringify(options[k]);","            }","        });","    }","","    return this.query({","        method: 'POST',","        path: '_temp_view',","        query: options,","        body: doc","    }, callback);","};","","Database.prototype.viewCleanup = function (callback) {","    this.query({","        method: 'POST',","        path: '/_view_cleanup',","        headers: {","            'Content-Type': 'application/json'","        }","    }, callback);","};","","Database.prototype.compact = function (design) {","    this.query({","        method: 'POST',","        path: '/_compact' + (typeof(design) === 'string' ? '/' + querystring.escape(design) : ''),","        headers: {","            'Content-Type': 'application/json'","        }","    }, Args.last(arguments));","};","","// Query a list, passing any options to the query string.","// Some query string parameters' values have to be JSON-encoded.","Database.prototype.list = function (path, options) {","    var callback = new(Args)(arguments).callback;","        path = path.split('/');","","    this._getOrPostView(","        ['_design', path[0], '_list', path[1], path[2]].map(querystring.escape).join('/'),","        options,","        callback","    );","};","","//","// Helper function which parses options and makes either a `GET`","// or `POST` request to `path` depending on if `options.keys` or","// `options.body` is present.","//","Database.prototype._getOrPostView = function (path, options, callback) {","    options = parseOptions(options);","","    if (options && options.body) {","        var body = options.body;","        delete options.body;","","        return this.query({","            method: 'POST',","            path: path,","            query: options,","            body: body","        }, callback);","    }","","    return this.query({","        method: 'GET',","        path: path,","        query: options","    }, callback);","};","","//","// Helper function for parsing and stringifying complex options","// to pass to CouchDB.","//","function parseOptions(options) {","    if (options && typeof options === 'object') {","        options = cradle.merge({}, options);","","        ['key', 'startkey', 'endkey'].forEach(function (k) {","            if (k in options) {","                options[k] = JSON.stringify(options[k]);","            }","        });","    }","","    if (options && options.keys) {","        options.body = options.body || {};","        options.body.keys = options.keys;","        delete options.keys;","    }","","    return options;","}",""],"l":{"3":1,"8":1,"9":0,"10":0,"11":0,"14":0,"19":1,"20":0,"21":0,"22":0,"25":0,"26":0,"28":0,"31":1,"32":0,"33":0,"34":0,"37":0,"38":0,"40":0,"42":0,"45":1,"46":0,"47":0,"48":0,"51":0,"52":0,"53":0,"54":0,"59":0,"67":1,"68":0,"77":1,"78":0,"89":1,"90":0,"91":0,"93":0,"105":1,"106":0,"108":0,"109":0,"110":0,"112":0,"120":0,"131":1,"132":0,"133":0,"135":0,"136":0,"137":0,"142":0,"143":0,"144":0,"145":0,"148":0}},"/home/travis/build/npmtest/node-npmtest-cradle/node_modules/cradle/lib/cradle/errors.js":{"path":"/home/travis/build/npmtest/node-npmtest-cradle/node_modules/cradle/lib/cradle/errors.js","s":{"1":1,"2":1,"3":0,"4":0,"5":0,"6":0,"7":0,"8":0,"9":0,"10":0,"11":1,"12":1},"b":{"1":[0,0]},"f":{"1":0},"fnMap":{"1":{"name":"CouchError","line":7,"loc":{"start":{"line":7,"column":0},"end":{"line":7,"column":26}}}},"statementMap":{"1":{"start":{"line":3,"column":0},"end":{"line":3,"column":27}},"2":{"start":{"line":7,"column":0},"end":{"line":22,"column":1}},"3":{"start":{"line":9,"column":1},"end":{"line":9,"column":18}},"4":{"start":{"line":10,"column":1},"end":{"line":10,"column":49}},"5":{"start":{"line":12,"column":1},"end":{"line":12,"column":35}},"6":{"start":{"line":13,"column":1},"end":{"line":13,"column":46}},"7":{"start":{"line":16,"column":1},"end":{"line":20,"column":2}},"8":{"start":{"line":17,"column":2},"end":{"line":19,"column":3}},"9":{"start":{"line":18,"column":3},"end":{"line":18,"column":20}},"10":{"start":{"line":21,"column":4},"end":{"line":21,"column":31}},"11":{"start":{"line":24,"column":0},"end":{"line":24,"column":33}},"12":{"start":{"line":28,"column":0},"end":{"line":28,"column":29}}},"branchMap":{"1":{"line":17,"type":"if","locations":[{"start":{"line":17,"column":2},"end":{"line":17,"column":2}},{"start":{"line":17,"column":2},"end":{"line":17,"column":2}}]}},"code":["/*jshint node:true */","","var util = require('util');","","// create custom Error object for better callback(err, ...) support","// accepts an JSON object from CouchDB's REST errors","function CouchError (err) {","\t// ensure proper stack trace","\tError.call(this);","\tError.captureStackTrace(this, this.constructor);","","\tthis.name = this.constructor.name;","\tthis.message = err.error + ': ' + err.reason;","","\t// add properties from CouchDB error response to Error object","\tfor (var k in err) {","\t\tif (err.hasOwnProperty(k)) {","\t\t\tthis[k] = err[k];","\t\t}","\t}","    this.headers = err.headers;","}","// CouchError instanceof Error","util.inherits(CouchError, Error);","","","// export","this.CouchError = CouchError;",""],"l":{"3":1,"7":1,"9":0,"10":0,"12":0,"13":0,"16":0,"17":0,"18":0,"21":0,"24":1,"28":1}}}